
===============================================================================
Step	[0]

-------------------------------------------------------------------------------
Node [73]: (CT=5, AT=0, TT=0), containing 67851 events.
	CT=[5](`ct:permit_type` ∈ {'Non Bouw'})
	AT=[0]⊥ (null)
	TT=[0]⊥ (null)
-------------------------------------------------------------------------------
Node [74]: (CT=6, AT=0, TT=0), containing 125602 events.
	CT=[6](`ct:permit_type` ∈ {'Bouw'})
	AT=[0]⊥ (null)
	TT=[0]⊥ (null)

===============================================================================
Step	[1]

-------------------------------------------------------------------------------
Node [211]: (CT=5, AT=0, TT=205), containing 67795 events.
	CT=[5](`ct:permit_type` ∈ {'Non Bouw'})
	AT=[0]⊥ (null)
	TT=[205](`tt:weekday` ∈ {'Sat', 'Mon', 'Tue', 'Thu', 'Fri', 'Wed'})
-------------------------------------------------------------------------------
Node [212]: (CT=5, AT=0, TT=206), containing 56 events.
	CT=[5](`ct:permit_type` ∈ {'Non Bouw'})
	AT=[0]⊥ (null)
	TT=[206](`tt:weekday` ∈ {'Sun'})
-------------------------------------------------------------------------------
Node [213]: (CT=6, AT=0, TT=205), containing 125509 events.
	CT=[6](`ct:permit_type` ∈ {'Bouw'})
	AT=[0]⊥ (null)
	TT=[205](`tt:weekday` ∈ {'Sat', 'Mon', 'Tue', 'Thu', 'Fri', 'Wed'})
-------------------------------------------------------------------------------
Node [214]: (CT=6, AT=0, TT=206), containing 93 events.
	CT=[6](`ct:permit_type` ∈ {'Bouw'})
	AT=[0]⊥ (null)
	TT=[206](`tt:weekday` ∈ {'Sun'})

===============================================================================
Step	[2]

-------------------------------------------------------------------------------
Node [291]: (CT=5, AT=0, TT=285), containing 28565 events.
	CT=[5](`ct:permit_type` ∈ {'Non Bouw'})
	AT=[0]⊥ (null)
	TT=[285](`tt:weekday` ∈ {'Thu', 'Sat', 'Wed'})
-------------------------------------------------------------------------------
Node [292]: (CT=5, AT=0, TT=286), containing 39230 events.
	CT=[5](`ct:permit_type` ∈ {'Non Bouw'})
	AT=[0]⊥ (null)
	TT=[286](`tt:weekday` ∈ {'Tue', 'Mon', 'Fri'})
-------------------------------------------------------------------------------
Node [212]: (CT=5, AT=0, TT=206), containing 56 events.
	CT=[5](`ct:permit_type` ∈ {'Non Bouw'})
	AT=[0]⊥ (null)
	TT=[206](`tt:weekday` ∈ {'Sun'})
-------------------------------------------------------------------------------
Node [293]: (CT=6, AT=0, TT=285), containing 54690 events.
	CT=[6](`ct:permit_type` ∈ {'Bouw'})
	AT=[0]⊥ (null)
	TT=[285](`tt:weekday` ∈ {'Thu', 'Sat', 'Wed'})
-------------------------------------------------------------------------------
Node [294]: (CT=6, AT=0, TT=286), containing 70819 events.
	CT=[6](`ct:permit_type` ∈ {'Bouw'})
	AT=[0]⊥ (null)
	TT=[286](`tt:weekday` ∈ {'Tue', 'Mon', 'Fri'})
-------------------------------------------------------------------------------
Node [214]: (CT=6, AT=0, TT=206), containing 93 events.
	CT=[6](`ct:permit_type` ∈ {'Bouw'})
	AT=[0]⊥ (null)
	TT=[206](`tt:weekday` ∈ {'Sun'})

===============================================================================
Step	[3]

-------------------------------------------------------------------------------
Node [331]: (CT=5, AT=0, TT=325), containing 56 events.
	CT=[5](`ct:permit_type` ∈ {'Non Bouw'})
	AT=[0]⊥ (null)
	TT=[325](`tt:ampm` ∈ {'AM'}) ∧ (`tt:weekday` ∈ {'Sun'})
-------------------------------------------------------------------------------
Node [332]: (CT=6, AT=0, TT=325), containing 93 events.
	CT=[6](`ct:permit_type` ∈ {'Bouw'})
	AT=[0]⊥ (null)
	TT=[325](`tt:ampm` ∈ {'AM'}) ∧ (`tt:weekday` ∈ {'Sun'})
-------------------------------------------------------------------------------
Node [333]: (CT=5, AT=0, TT=327), containing 13637 events.
	CT=[5](`ct:permit_type` ∈ {'Non Bouw'})
	AT=[0]⊥ (null)
	TT=[327](`tt:ampm` ∈ {'PM'}) ∧ (`tt:weekday` ∈ {'Thu', 'Sat', 'Wed'})
-------------------------------------------------------------------------------
Node [334]: (CT=5, AT=0, TT=328), containing 14928 events.
	CT=[5](`ct:permit_type` ∈ {'Non Bouw'})
	AT=[0]⊥ (null)
	TT=[328](`tt:ampm` ∈ {'AM'}) ∧ (`tt:weekday` ∈ {'Thu', 'Sat', 'Wed'})
-------------------------------------------------------------------------------
Node [335]: (CT=5, AT=0, TT=329), containing 19266 events.
	CT=[5](`ct:permit_type` ∈ {'Non Bouw'})
	AT=[0]⊥ (null)
	TT=[329](`tt:ampm` ∈ {'PM'}) ∧ (`tt:weekday` ∈ {'Tue', 'Mon', 'Fri'})
-------------------------------------------------------------------------------
Node [336]: (CT=5, AT=0, TT=330), containing 19964 events.
	CT=[5](`ct:permit_type` ∈ {'Non Bouw'})
	AT=[0]⊥ (null)
	TT=[330](`tt:ampm` ∈ {'AM'}) ∧ (`tt:weekday` ∈ {'Tue', 'Mon', 'Fri'})
-------------------------------------------------------------------------------
Node [337]: (CT=6, AT=0, TT=327), containing 24055 events.
	CT=[6](`ct:permit_type` ∈ {'Bouw'})
	AT=[0]⊥ (null)
	TT=[327](`tt:ampm` ∈ {'PM'}) ∧ (`tt:weekday` ∈ {'Thu', 'Sat', 'Wed'})
-------------------------------------------------------------------------------
Node [338]: (CT=6, AT=0, TT=328), containing 30635 events.
	CT=[6](`ct:permit_type` ∈ {'Bouw'})
	AT=[0]⊥ (null)
	TT=[328](`tt:ampm` ∈ {'AM'}) ∧ (`tt:weekday` ∈ {'Thu', 'Sat', 'Wed'})
-------------------------------------------------------------------------------
Node [339]: (CT=6, AT=0, TT=329), containing 33744 events.
	CT=[6](`ct:permit_type` ∈ {'Bouw'})
	AT=[0]⊥ (null)
	TT=[329](`tt:ampm` ∈ {'PM'}) ∧ (`tt:weekday` ∈ {'Tue', 'Mon', 'Fri'})
-------------------------------------------------------------------------------
Node [340]: (CT=6, AT=0, TT=330), containing 37075 events.
	CT=[6](`ct:permit_type` ∈ {'Bouw'})
	AT=[0]⊥ (null)
	TT=[330](`tt:ampm` ∈ {'AM'}) ∧ (`tt:weekday` ∈ {'Tue', 'Mon', 'Fri'})

===============================================================================
Step	[4]

-------------------------------------------------------------------------------
Node [331]: (CT=5, AT=0, TT=325), containing 56 events.
	CT=[5](`ct:permit_type` ∈ {'Non Bouw'})
	AT=[0]⊥ (null)
	TT=[325](`tt:ampm` ∈ {'AM'}) ∧ (`tt:weekday` ∈ {'Sun'})
-------------------------------------------------------------------------------
Node [332]: (CT=6, AT=0, TT=325), containing 93 events.
	CT=[6](`ct:permit_type` ∈ {'Bouw'})
	AT=[0]⊥ (null)
	TT=[325](`tt:ampm` ∈ {'AM'}) ∧ (`tt:weekday` ∈ {'Sun'})
-------------------------------------------------------------------------------
Node [333]: (CT=5, AT=0, TT=327), containing 13637 events.
	CT=[5](`ct:permit_type` ∈ {'Non Bouw'})
	AT=[0]⊥ (null)
	TT=[327](`tt:ampm` ∈ {'PM'}) ∧ (`tt:weekday` ∈ {'Thu', 'Sat', 'Wed'})
-------------------------------------------------------------------------------
Node [334]: (CT=5, AT=0, TT=328), containing 14928 events.
	CT=[5](`ct:permit_type` ∈ {'Non Bouw'})
	AT=[0]⊥ (null)
	TT=[328](`tt:ampm` ∈ {'AM'}) ∧ (`tt:weekday` ∈ {'Thu', 'Sat', 'Wed'})
-------------------------------------------------------------------------------
Node [373]: (CT=5, AT=0, TT=367), containing 11731 events.
	CT=[5](`ct:permit_type` ∈ {'Non Bouw'})
	AT=[0]⊥ (null)
	TT=[367](`tt:ampm` ∈ {'PM'}) ∧ (`tt:weekday` ∈ {'Mon', 'Fri'})
-------------------------------------------------------------------------------
Node [374]: (CT=5, AT=0, TT=368), containing 7535 events.
	CT=[5](`ct:permit_type` ∈ {'Non Bouw'})
	AT=[0]⊥ (null)
	TT=[368](`tt:ampm` ∈ {'PM'}) ∧ (`tt:weekday` ∈ {'Tue'})
-------------------------------------------------------------------------------
Node [375]: (CT=5, AT=0, TT=369), containing 11051 events.
	CT=[5](`ct:permit_type` ∈ {'Non Bouw'})
	AT=[0]⊥ (null)
	TT=[369](`tt:ampm` ∈ {'AM'}) ∧ (`tt:weekday` ∈ {'Mon', 'Fri'})
-------------------------------------------------------------------------------
Node [376]: (CT=5, AT=0, TT=370), containing 8913 events.
	CT=[5](`ct:permit_type` ∈ {'Non Bouw'})
	AT=[0]⊥ (null)
	TT=[370](`tt:ampm` ∈ {'AM'}) ∧ (`tt:weekday` ∈ {'Tue'})
-------------------------------------------------------------------------------
Node [337]: (CT=6, AT=0, TT=327), containing 24055 events.
	CT=[6](`ct:permit_type` ∈ {'Bouw'})
	AT=[0]⊥ (null)
	TT=[327](`tt:ampm` ∈ {'PM'}) ∧ (`tt:weekday` ∈ {'Thu', 'Sat', 'Wed'})
-------------------------------------------------------------------------------
Node [338]: (CT=6, AT=0, TT=328), containing 30635 events.
	CT=[6](`ct:permit_type` ∈ {'Bouw'})
	AT=[0]⊥ (null)
	TT=[328](`tt:ampm` ∈ {'AM'}) ∧ (`tt:weekday` ∈ {'Thu', 'Sat', 'Wed'})
-------------------------------------------------------------------------------
Node [377]: (CT=6, AT=0, TT=367), containing 19639 events.
	CT=[6](`ct:permit_type` ∈ {'Bouw'})
	AT=[0]⊥ (null)
	TT=[367](`tt:ampm` ∈ {'PM'}) ∧ (`tt:weekday` ∈ {'Mon', 'Fri'})
-------------------------------------------------------------------------------
Node [378]: (CT=6, AT=0, TT=368), containing 14105 events.
	CT=[6](`ct:permit_type` ∈ {'Bouw'})
	AT=[0]⊥ (null)
	TT=[368](`tt:ampm` ∈ {'PM'}) ∧ (`tt:weekday` ∈ {'Tue'})
-------------------------------------------------------------------------------
Node [379]: (CT=6, AT=0, TT=369), containing 21128 events.
	CT=[6](`ct:permit_type` ∈ {'Bouw'})
	AT=[0]⊥ (null)
	TT=[369](`tt:ampm` ∈ {'AM'}) ∧ (`tt:weekday` ∈ {'Mon', 'Fri'})
-------------------------------------------------------------------------------
Node [380]: (CT=6, AT=0, TT=370), containing 15947 events.
	CT=[6](`ct:permit_type` ∈ {'Bouw'})
	AT=[0]⊥ (null)
	TT=[370](`tt:ampm` ∈ {'AM'}) ∧ (`tt:weekday` ∈ {'Tue'})

===============================================================================
Step	[5]

-------------------------------------------------------------------------------
Node [331]: (CT=5, AT=0, TT=325), containing 56 events.
	CT=[5](`ct:permit_type` ∈ {'Non Bouw'})
	AT=[0]⊥ (null)
	TT=[325](`tt:ampm` ∈ {'AM'}) ∧ (`tt:weekday` ∈ {'Sun'})
-------------------------------------------------------------------------------
Node [332]: (CT=6, AT=0, TT=325), containing 93 events.
	CT=[6](`ct:permit_type` ∈ {'Bouw'})
	AT=[0]⊥ (null)
	TT=[325](`tt:ampm` ∈ {'AM'}) ∧ (`tt:weekday` ∈ {'Sun'})
-------------------------------------------------------------------------------
Node [333]: (CT=5, AT=0, TT=327), containing 13637 events.
	CT=[5](`ct:permit_type` ∈ {'Non Bouw'})
	AT=[0]⊥ (null)
	TT=[327](`tt:ampm` ∈ {'PM'}) ∧ (`tt:weekday` ∈ {'Thu', 'Sat', 'Wed'})
-------------------------------------------------------------------------------
Node [334]: (CT=5, AT=0, TT=328), containing 14928 events.
	CT=[5](`ct:permit_type` ∈ {'Non Bouw'})
	AT=[0]⊥ (null)
	TT=[328](`tt:ampm` ∈ {'AM'}) ∧ (`tt:weekday` ∈ {'Thu', 'Sat', 'Wed'})
-------------------------------------------------------------------------------
Node [337]: (CT=6, AT=0, TT=327), containing 24055 events.
	CT=[6](`ct:permit_type` ∈ {'Bouw'})
	AT=[0]⊥ (null)
	TT=[327](`tt:ampm` ∈ {'PM'}) ∧ (`tt:weekday` ∈ {'Thu', 'Sat', 'Wed'})
-------------------------------------------------------------------------------
Node [338]: (CT=6, AT=0, TT=328), containing 30635 events.
	CT=[6](`ct:permit_type` ∈ {'Bouw'})
	AT=[0]⊥ (null)
	TT=[328](`tt:ampm` ∈ {'AM'}) ∧ (`tt:weekday` ∈ {'Thu', 'Sat', 'Wed'})
-------------------------------------------------------------------------------
Node [413]: (CT=5, AT=0, TT=407), containing 7345 events.
	CT=[5](`ct:permit_type` ∈ {'Non Bouw'})
	AT=[0]⊥ (null)
	TT=[407](`tt:ampm` ∈ {'PM'}) ∧ (`tt:weekday` ∈ {'Mon'})
-------------------------------------------------------------------------------
Node [414]: (CT=5, AT=0, TT=408), containing 4386 events.
	CT=[5](`ct:permit_type` ∈ {'Non Bouw'})
	AT=[0]⊥ (null)
	TT=[408](`tt:ampm` ∈ {'PM'}) ∧ (`tt:weekday` ∈ {'Fri'})
-------------------------------------------------------------------------------
Node [374]: (CT=5, AT=0, TT=368), containing 7535 events.
	CT=[5](`ct:permit_type` ∈ {'Non Bouw'})
	AT=[0]⊥ (null)
	TT=[368](`tt:ampm` ∈ {'PM'}) ∧ (`tt:weekday` ∈ {'Tue'})
-------------------------------------------------------------------------------
Node [415]: (CT=5, AT=0, TT=409), containing 5941 events.
	CT=[5](`ct:permit_type` ∈ {'Non Bouw'})
	AT=[0]⊥ (null)
	TT=[409](`tt:ampm` ∈ {'AM'}) ∧ (`tt:weekday` ∈ {'Mon'})
-------------------------------------------------------------------------------
Node [416]: (CT=5, AT=0, TT=410), containing 5110 events.
	CT=[5](`ct:permit_type` ∈ {'Non Bouw'})
	AT=[0]⊥ (null)
	TT=[410](`tt:ampm` ∈ {'AM'}) ∧ (`tt:weekday` ∈ {'Fri'})
-------------------------------------------------------------------------------
Node [376]: (CT=5, AT=0, TT=370), containing 8913 events.
	CT=[5](`ct:permit_type` ∈ {'Non Bouw'})
	AT=[0]⊥ (null)
	TT=[370](`tt:ampm` ∈ {'AM'}) ∧ (`tt:weekday` ∈ {'Tue'})
-------------------------------------------------------------------------------
Node [417]: (CT=6, AT=0, TT=407), containing 11673 events.
	CT=[6](`ct:permit_type` ∈ {'Bouw'})
	AT=[0]⊥ (null)
	TT=[407](`tt:ampm` ∈ {'PM'}) ∧ (`tt:weekday` ∈ {'Mon'})
-------------------------------------------------------------------------------
Node [418]: (CT=6, AT=0, TT=408), containing 7966 events.
	CT=[6](`ct:permit_type` ∈ {'Bouw'})
	AT=[0]⊥ (null)
	TT=[408](`tt:ampm` ∈ {'PM'}) ∧ (`tt:weekday` ∈ {'Fri'})
-------------------------------------------------------------------------------
Node [378]: (CT=6, AT=0, TT=368), containing 14105 events.
	CT=[6](`ct:permit_type` ∈ {'Bouw'})
	AT=[0]⊥ (null)
	TT=[368](`tt:ampm` ∈ {'PM'}) ∧ (`tt:weekday` ∈ {'Tue'})
-------------------------------------------------------------------------------
Node [419]: (CT=6, AT=0, TT=409), containing 11351 events.
	CT=[6](`ct:permit_type` ∈ {'Bouw'})
	AT=[0]⊥ (null)
	TT=[409](`tt:ampm` ∈ {'AM'}) ∧ (`tt:weekday` ∈ {'Mon'})
-------------------------------------------------------------------------------
Node [420]: (CT=6, AT=0, TT=410), containing 9777 events.
	CT=[6](`ct:permit_type` ∈ {'Bouw'})
	AT=[0]⊥ (null)
	TT=[410](`tt:ampm` ∈ {'AM'}) ∧ (`tt:weekday` ∈ {'Fri'})
-------------------------------------------------------------------------------
Node [380]: (CT=6, AT=0, TT=370), containing 15947 events.
	CT=[6](`ct:permit_type` ∈ {'Bouw'})
	AT=[0]⊥ (null)
	TT=[370](`tt:ampm` ∈ {'AM'}) ∧ (`tt:weekday` ∈ {'Tue'})

===============================================================================
Step	[6]

-------------------------------------------------------------------------------
Node [331]: (CT=5, AT=0, TT=325), containing 56 events.
	CT=[5](`ct:permit_type` ∈ {'Non Bouw'})
	AT=[0]⊥ (null)
	TT=[325](`tt:ampm` ∈ {'AM'}) ∧ (`tt:weekday` ∈ {'Sun'})
-------------------------------------------------------------------------------
Node [332]: (CT=6, AT=0, TT=325), containing 93 events.
	CT=[6](`ct:permit_type` ∈ {'Bouw'})
	AT=[0]⊥ (null)
	TT=[325](`tt:ampm` ∈ {'AM'}) ∧ (`tt:weekday` ∈ {'Sun'})
-------------------------------------------------------------------------------
Node [437]: (CT=5, AT=0, TT=431), containing 6757 events.
	CT=[5](`ct:permit_type` ∈ {'Non Bouw'})
	AT=[0]⊥ (null)
	TT=[431](`tt:ampm` ∈ {'PM'}) ∧ (`tt:weekday` ∈ {'Thu'})
-------------------------------------------------------------------------------
Node [438]: (CT=5, AT=0, TT=432), containing 6880 events.
	CT=[5](`ct:permit_type` ∈ {'Non Bouw'})
	AT=[0]⊥ (null)
	TT=[432](`tt:ampm` ∈ {'PM'}) ∧ (`tt:weekday` ∈ {'Sat', 'Wed'})
-------------------------------------------------------------------------------
Node [439]: (CT=5, AT=0, TT=433), containing 7673 events.
	CT=[5](`ct:permit_type` ∈ {'Non Bouw'})
	AT=[0]⊥ (null)
	TT=[433](`tt:ampm` ∈ {'AM'}) ∧ (`tt:weekday` ∈ {'Thu'})
-------------------------------------------------------------------------------
Node [440]: (CT=5, AT=0, TT=434), containing 7255 events.
	CT=[5](`ct:permit_type` ∈ {'Non Bouw'})
	AT=[0]⊥ (null)
	TT=[434](`tt:ampm` ∈ {'AM'}) ∧ (`tt:weekday` ∈ {'Sat', 'Wed'})
-------------------------------------------------------------------------------
Node [441]: (CT=6, AT=0, TT=431), containing 12667 events.
	CT=[6](`ct:permit_type` ∈ {'Bouw'})
	AT=[0]⊥ (null)
	TT=[431](`tt:ampm` ∈ {'PM'}) ∧ (`tt:weekday` ∈ {'Thu'})
-------------------------------------------------------------------------------
Node [442]: (CT=6, AT=0, TT=432), containing 11388 events.
	CT=[6](`ct:permit_type` ∈ {'Bouw'})
	AT=[0]⊥ (null)
	TT=[432](`tt:ampm` ∈ {'PM'}) ∧ (`tt:weekday` ∈ {'Sat', 'Wed'})
-------------------------------------------------------------------------------
Node [443]: (CT=6, AT=0, TT=433), containing 14184 events.
	CT=[6](`ct:permit_type` ∈ {'Bouw'})
	AT=[0]⊥ (null)
	TT=[433](`tt:ampm` ∈ {'AM'}) ∧ (`tt:weekday` ∈ {'Thu'})
-------------------------------------------------------------------------------
Node [444]: (CT=6, AT=0, TT=434), containing 16451 events.
	CT=[6](`ct:permit_type` ∈ {'Bouw'})
	AT=[0]⊥ (null)
	TT=[434](`tt:ampm` ∈ {'AM'}) ∧ (`tt:weekday` ∈ {'Sat', 'Wed'})
-------------------------------------------------------------------------------
Node [374]: (CT=5, AT=0, TT=368), containing 7535 events.
	CT=[5](`ct:permit_type` ∈ {'Non Bouw'})
	AT=[0]⊥ (null)
	TT=[368](`tt:ampm` ∈ {'PM'}) ∧ (`tt:weekday` ∈ {'Tue'})
-------------------------------------------------------------------------------
Node [376]: (CT=5, AT=0, TT=370), containing 8913 events.
	CT=[5](`ct:permit_type` ∈ {'Non Bouw'})
	AT=[0]⊥ (null)
	TT=[370](`tt:ampm` ∈ {'AM'}) ∧ (`tt:weekday` ∈ {'Tue'})
-------------------------------------------------------------------------------
Node [378]: (CT=6, AT=0, TT=368), containing 14105 events.
	CT=[6](`ct:permit_type` ∈ {'Bouw'})
	AT=[0]⊥ (null)
	TT=[368](`tt:ampm` ∈ {'PM'}) ∧ (`tt:weekday` ∈ {'Tue'})
-------------------------------------------------------------------------------
Node [380]: (CT=6, AT=0, TT=370), containing 15947 events.
	CT=[6](`ct:permit_type` ∈ {'Bouw'})
	AT=[0]⊥ (null)
	TT=[370](`tt:ampm` ∈ {'AM'}) ∧ (`tt:weekday` ∈ {'Tue'})
-------------------------------------------------------------------------------
Node [413]: (CT=5, AT=0, TT=407), containing 7345 events.
	CT=[5](`ct:permit_type` ∈ {'Non Bouw'})
	AT=[0]⊥ (null)
	TT=[407](`tt:ampm` ∈ {'PM'}) ∧ (`tt:weekday` ∈ {'Mon'})
-------------------------------------------------------------------------------
Node [414]: (CT=5, AT=0, TT=408), containing 4386 events.
	CT=[5](`ct:permit_type` ∈ {'Non Bouw'})
	AT=[0]⊥ (null)
	TT=[408](`tt:ampm` ∈ {'PM'}) ∧ (`tt:weekday` ∈ {'Fri'})
-------------------------------------------------------------------------------
Node [415]: (CT=5, AT=0, TT=409), containing 5941 events.
	CT=[5](`ct:permit_type` ∈ {'Non Bouw'})
	AT=[0]⊥ (null)
	TT=[409](`tt:ampm` ∈ {'AM'}) ∧ (`tt:weekday` ∈ {'Mon'})
-------------------------------------------------------------------------------
Node [416]: (CT=5, AT=0, TT=410), containing 5110 events.
	CT=[5](`ct:permit_type` ∈ {'Non Bouw'})
	AT=[0]⊥ (null)
	TT=[410](`tt:ampm` ∈ {'AM'}) ∧ (`tt:weekday` ∈ {'Fri'})
-------------------------------------------------------------------------------
Node [417]: (CT=6, AT=0, TT=407), containing 11673 events.
	CT=[6](`ct:permit_type` ∈ {'Bouw'})
	AT=[0]⊥ (null)
	TT=[407](`tt:ampm` ∈ {'PM'}) ∧ (`tt:weekday` ∈ {'Mon'})
-------------------------------------------------------------------------------
Node [418]: (CT=6, AT=0, TT=408), containing 7966 events.
	CT=[6](`ct:permit_type` ∈ {'Bouw'})
	AT=[0]⊥ (null)
	TT=[408](`tt:ampm` ∈ {'PM'}) ∧ (`tt:weekday` ∈ {'Fri'})
-------------------------------------------------------------------------------
Node [419]: (CT=6, AT=0, TT=409), containing 11351 events.
	CT=[6](`ct:permit_type` ∈ {'Bouw'})
	AT=[0]⊥ (null)
	TT=[409](`tt:ampm` ∈ {'AM'}) ∧ (`tt:weekday` ∈ {'Mon'})
-------------------------------------------------------------------------------
Node [420]: (CT=6, AT=0, TT=410), containing 9777 events.
	CT=[6](`ct:permit_type` ∈ {'Bouw'})
	AT=[0]⊥ (null)
	TT=[410](`tt:ampm` ∈ {'AM'}) ∧ (`tt:weekday` ∈ {'Fri'})

===============================================================================
Step	[7]

-------------------------------------------------------------------------------
Node [331]: (CT=5, AT=0, TT=325), containing 56 events.
	CT=[5](`ct:permit_type` ∈ {'Non Bouw'})
	AT=[0]⊥ (null)
	TT=[325](`tt:ampm` ∈ {'AM'}) ∧ (`tt:weekday` ∈ {'Sun'})
-------------------------------------------------------------------------------
Node [332]: (CT=6, AT=0, TT=325), containing 93 events.
	CT=[6](`ct:permit_type` ∈ {'Bouw'})
	AT=[0]⊥ (null)
	TT=[325](`tt:ampm` ∈ {'AM'}) ∧ (`tt:weekday` ∈ {'Sun'})
-------------------------------------------------------------------------------
Node [374]: (CT=5, AT=0, TT=368), containing 7535 events.
	CT=[5](`ct:permit_type` ∈ {'Non Bouw'})
	AT=[0]⊥ (null)
	TT=[368](`tt:ampm` ∈ {'PM'}) ∧ (`tt:weekday` ∈ {'Tue'})
-------------------------------------------------------------------------------
Node [376]: (CT=5, AT=0, TT=370), containing 8913 events.
	CT=[5](`ct:permit_type` ∈ {'Non Bouw'})
	AT=[0]⊥ (null)
	TT=[370](`tt:ampm` ∈ {'AM'}) ∧ (`tt:weekday` ∈ {'Tue'})
-------------------------------------------------------------------------------
Node [378]: (CT=6, AT=0, TT=368), containing 14105 events.
	CT=[6](`ct:permit_type` ∈ {'Bouw'})
	AT=[0]⊥ (null)
	TT=[368](`tt:ampm` ∈ {'PM'}) ∧ (`tt:weekday` ∈ {'Tue'})
-------------------------------------------------------------------------------
Node [380]: (CT=6, AT=0, TT=370), containing 15947 events.
	CT=[6](`ct:permit_type` ∈ {'Bouw'})
	AT=[0]⊥ (null)
	TT=[370](`tt:ampm` ∈ {'AM'}) ∧ (`tt:weekday` ∈ {'Tue'})
-------------------------------------------------------------------------------
Node [413]: (CT=5, AT=0, TT=407), containing 7345 events.
	CT=[5](`ct:permit_type` ∈ {'Non Bouw'})
	AT=[0]⊥ (null)
	TT=[407](`tt:ampm` ∈ {'PM'}) ∧ (`tt:weekday` ∈ {'Mon'})
-------------------------------------------------------------------------------
Node [414]: (CT=5, AT=0, TT=408), containing 4386 events.
	CT=[5](`ct:permit_type` ∈ {'Non Bouw'})
	AT=[0]⊥ (null)
	TT=[408](`tt:ampm` ∈ {'PM'}) ∧ (`tt:weekday` ∈ {'Fri'})
-------------------------------------------------------------------------------
Node [415]: (CT=5, AT=0, TT=409), containing 5941 events.
	CT=[5](`ct:permit_type` ∈ {'Non Bouw'})
	AT=[0]⊥ (null)
	TT=[409](`tt:ampm` ∈ {'AM'}) ∧ (`tt:weekday` ∈ {'Mon'})
-------------------------------------------------------------------------------
Node [416]: (CT=5, AT=0, TT=410), containing 5110 events.
	CT=[5](`ct:permit_type` ∈ {'Non Bouw'})
	AT=[0]⊥ (null)
	TT=[410](`tt:ampm` ∈ {'AM'}) ∧ (`tt:weekday` ∈ {'Fri'})
-------------------------------------------------------------------------------
Node [417]: (CT=6, AT=0, TT=407), containing 11673 events.
	CT=[6](`ct:permit_type` ∈ {'Bouw'})
	AT=[0]⊥ (null)
	TT=[407](`tt:ampm` ∈ {'PM'}) ∧ (`tt:weekday` ∈ {'Mon'})
-------------------------------------------------------------------------------
Node [418]: (CT=6, AT=0, TT=408), containing 7966 events.
	CT=[6](`ct:permit_type` ∈ {'Bouw'})
	AT=[0]⊥ (null)
	TT=[408](`tt:ampm` ∈ {'PM'}) ∧ (`tt:weekday` ∈ {'Fri'})
-------------------------------------------------------------------------------
Node [419]: (CT=6, AT=0, TT=409), containing 11351 events.
	CT=[6](`ct:permit_type` ∈ {'Bouw'})
	AT=[0]⊥ (null)
	TT=[409](`tt:ampm` ∈ {'AM'}) ∧ (`tt:weekday` ∈ {'Mon'})
-------------------------------------------------------------------------------
Node [420]: (CT=6, AT=0, TT=410), containing 9777 events.
	CT=[6](`ct:permit_type` ∈ {'Bouw'})
	AT=[0]⊥ (null)
	TT=[410](`tt:ampm` ∈ {'AM'}) ∧ (`tt:weekday` ∈ {'Fri'})
-------------------------------------------------------------------------------
Node [437]: (CT=5, AT=0, TT=431), containing 6757 events.
	CT=[5](`ct:permit_type` ∈ {'Non Bouw'})
	AT=[0]⊥ (null)
	TT=[431](`tt:ampm` ∈ {'PM'}) ∧ (`tt:weekday` ∈ {'Thu'})
-------------------------------------------------------------------------------
Node [457]: (CT=5, AT=0, TT=451), containing 6880 events.
	CT=[5](`ct:permit_type` ∈ {'Non Bouw'})
	AT=[0]⊥ (null)
	TT=[451](`tt:ampm` ∈ {'PM'}) ∧ (`tt:weekday` ∈ {'Wed'})
-------------------------------------------------------------------------------
Node [439]: (CT=5, AT=0, TT=433), containing 7673 events.
	CT=[5](`ct:permit_type` ∈ {'Non Bouw'})
	AT=[0]⊥ (null)
	TT=[433](`tt:ampm` ∈ {'AM'}) ∧ (`tt:weekday` ∈ {'Thu'})
-------------------------------------------------------------------------------
Node [458]: (CT=5, AT=0, TT=452), containing 308 events.
	CT=[5](`ct:permit_type` ∈ {'Non Bouw'})
	AT=[0]⊥ (null)
	TT=[452](`tt:ampm` ∈ {'AM'}) ∧ (`tt:weekday` ∈ {'Sat'})
-------------------------------------------------------------------------------
Node [459]: (CT=5, AT=0, TT=453), containing 6947 events.
	CT=[5](`ct:permit_type` ∈ {'Non Bouw'})
	AT=[0]⊥ (null)
	TT=[453](`tt:ampm` ∈ {'AM'}) ∧ (`tt:weekday` ∈ {'Wed'})
-------------------------------------------------------------------------------
Node [441]: (CT=6, AT=0, TT=431), containing 12667 events.
	CT=[6](`ct:permit_type` ∈ {'Bouw'})
	AT=[0]⊥ (null)
	TT=[431](`tt:ampm` ∈ {'PM'}) ∧ (`tt:weekday` ∈ {'Thu'})
-------------------------------------------------------------------------------
Node [460]: (CT=6, AT=0, TT=451), containing 11388 events.
	CT=[6](`ct:permit_type` ∈ {'Bouw'})
	AT=[0]⊥ (null)
	TT=[451](`tt:ampm` ∈ {'PM'}) ∧ (`tt:weekday` ∈ {'Wed'})
-------------------------------------------------------------------------------
Node [443]: (CT=6, AT=0, TT=433), containing 14184 events.
	CT=[6](`ct:permit_type` ∈ {'Bouw'})
	AT=[0]⊥ (null)
	TT=[433](`tt:ampm` ∈ {'AM'}) ∧ (`tt:weekday` ∈ {'Thu'})
-------------------------------------------------------------------------------
Node [461]: (CT=6, AT=0, TT=452), containing 572 events.
	CT=[6](`ct:permit_type` ∈ {'Bouw'})
	AT=[0]⊥ (null)
	TT=[452](`tt:ampm` ∈ {'AM'}) ∧ (`tt:weekday` ∈ {'Sat'})
-------------------------------------------------------------------------------
Node [462]: (CT=6, AT=0, TT=453), containing 15879 events.
	CT=[6](`ct:permit_type` ∈ {'Bouw'})
	AT=[0]⊥ (null)
	TT=[453](`tt:ampm` ∈ {'AM'}) ∧ (`tt:weekday` ∈ {'Wed'})
