
===============================================================================
Step	[0]

-------------------------------------------------------------------------------
Node [85]: (CT=0, AT=0, TT=69), containing 6577 events.
	CT=[0]⊥ (null)
	AT=[0]⊥ (null)
	TT=[69](`tt:weekday` ∈ {'Tue', 'Wed', 'Fri', 'Sat', 'Mon'})
-------------------------------------------------------------------------------
Node [86]: (CT=0, AT=0, TT=70), containing 2000 events.
	CT=[0]⊥ (null)
	AT=[0]⊥ (null)
	TT=[70](`tt:weekday` ∈ {'Sun', 'Thu'})

===============================================================================
Step	[1]

-------------------------------------------------------------------------------
Node [147]: (CT=0, AT=0, TT=99), containing 5689 events.
	CT=[0]⊥ (null)
	AT=[0]⊥ (null)
	TT=[99](`tt:ampm` ∈ {'PM'}) ∧ (`tt:weekday` ∈ {'Tue', 'Wed', 'Fri', 'Sat', 'Mon'})
-------------------------------------------------------------------------------
Node [148]: (CT=0, AT=0, TT=100), containing 888 events.
	CT=[0]⊥ (null)
	AT=[0]⊥ (null)
	TT=[100](`tt:ampm` ∈ {'AM'}) ∧ (`tt:weekday` ∈ {'Tue', 'Wed', 'Fri', 'Sat', 'Mon'})
-------------------------------------------------------------------------------
Node [149]: (CT=0, AT=0, TT=101), containing 1825 events.
	CT=[0]⊥ (null)
	AT=[0]⊥ (null)
	TT=[101](`tt:ampm` ∈ {'PM'}) ∧ (`tt:weekday` ∈ {'Sun', 'Thu'})
-------------------------------------------------------------------------------
Node [150]: (CT=0, AT=0, TT=102), containing 175 events.
	CT=[0]⊥ (null)
	AT=[0]⊥ (null)
	TT=[102](`tt:ampm` ∈ {'AM'}) ∧ (`tt:weekday` ∈ {'Sun', 'Thu'})

===============================================================================
Step	[2]

-------------------------------------------------------------------------------
Node [251]: (CT=109, AT=0, TT=99), containing 5684 events.
	CT=[109](`ct:channel` ∈ {'e-mail', 'Internet', 'Post', 'Desk'})
	AT=[0]⊥ (null)
	TT=[99](`tt:ampm` ∈ {'PM'}) ∧ (`tt:weekday` ∈ {'Tue', 'Wed', 'Fri', 'Sat', 'Mon'})
-------------------------------------------------------------------------------
Node [252]: (CT=110, AT=0, TT=99), containing 5 events.
	CT=[110](`ct:channel` ∈ {'Intern'})
	AT=[0]⊥ (null)
	TT=[99](`tt:ampm` ∈ {'PM'}) ∧ (`tt:weekday` ∈ {'Tue', 'Wed', 'Fri', 'Sat', 'Mon'})
-------------------------------------------------------------------------------
Node [253]: (CT=109, AT=0, TT=100), containing 888 events.
	CT=[109](`ct:channel` ∈ {'e-mail', 'Internet', 'Post', 'Desk'})
	AT=[0]⊥ (null)
	TT=[100](`tt:ampm` ∈ {'AM'}) ∧ (`tt:weekday` ∈ {'Tue', 'Wed', 'Fri', 'Sat', 'Mon'})
-------------------------------------------------------------------------------
Node [254]: (CT=109, AT=0, TT=101), containing 1824 events.
	CT=[109](`ct:channel` ∈ {'e-mail', 'Internet', 'Post', 'Desk'})
	AT=[0]⊥ (null)
	TT=[101](`tt:ampm` ∈ {'PM'}) ∧ (`tt:weekday` ∈ {'Sun', 'Thu'})
-------------------------------------------------------------------------------
Node [255]: (CT=110, AT=0, TT=101), containing 1 events.
	CT=[110](`ct:channel` ∈ {'Intern'})
	AT=[0]⊥ (null)
	TT=[101](`tt:ampm` ∈ {'PM'}) ∧ (`tt:weekday` ∈ {'Sun', 'Thu'})
-------------------------------------------------------------------------------
Node [256]: (CT=109, AT=0, TT=102), containing 175 events.
	CT=[109](`ct:channel` ∈ {'e-mail', 'Internet', 'Post', 'Desk'})
	AT=[0]⊥ (null)
	TT=[102](`tt:ampm` ∈ {'AM'}) ∧ (`tt:weekday` ∈ {'Sun', 'Thu'})

===============================================================================
Step	[3]

-------------------------------------------------------------------------------
Node [338]: (CT=146, AT=0, TT=99), containing 5051 events.
	CT=[146](`ct:channel` ∈ {'e-mail', 'Internet'})
	AT=[0]⊥ (null)
	TT=[99](`tt:ampm` ∈ {'PM'}) ∧ (`tt:weekday` ∈ {'Tue', 'Wed', 'Fri', 'Sat', 'Mon'})
-------------------------------------------------------------------------------
Node [339]: (CT=147, AT=0, TT=99), containing 633 events.
	CT=[147](`ct:channel` ∈ {'Post', 'Desk'})
	AT=[0]⊥ (null)
	TT=[99](`tt:ampm` ∈ {'PM'}) ∧ (`tt:weekday` ∈ {'Tue', 'Wed', 'Fri', 'Sat', 'Mon'})
-------------------------------------------------------------------------------
Node [252]: (CT=110, AT=0, TT=99), containing 5 events.
	CT=[110](`ct:channel` ∈ {'Intern'})
	AT=[0]⊥ (null)
	TT=[99](`tt:ampm` ∈ {'PM'}) ∧ (`tt:weekday` ∈ {'Tue', 'Wed', 'Fri', 'Sat', 'Mon'})
-------------------------------------------------------------------------------
Node [340]: (CT=146, AT=0, TT=100), containing 769 events.
	CT=[146](`ct:channel` ∈ {'e-mail', 'Internet'})
	AT=[0]⊥ (null)
	TT=[100](`tt:ampm` ∈ {'AM'}) ∧ (`tt:weekday` ∈ {'Tue', 'Wed', 'Fri', 'Sat', 'Mon'})
-------------------------------------------------------------------------------
Node [341]: (CT=147, AT=0, TT=100), containing 119 events.
	CT=[147](`ct:channel` ∈ {'Post', 'Desk'})
	AT=[0]⊥ (null)
	TT=[100](`tt:ampm` ∈ {'AM'}) ∧ (`tt:weekday` ∈ {'Tue', 'Wed', 'Fri', 'Sat', 'Mon'})
-------------------------------------------------------------------------------
Node [342]: (CT=146, AT=0, TT=101), containing 1638 events.
	CT=[146](`ct:channel` ∈ {'e-mail', 'Internet'})
	AT=[0]⊥ (null)
	TT=[101](`tt:ampm` ∈ {'PM'}) ∧ (`tt:weekday` ∈ {'Sun', 'Thu'})
-------------------------------------------------------------------------------
Node [343]: (CT=147, AT=0, TT=101), containing 186 events.
	CT=[147](`ct:channel` ∈ {'Post', 'Desk'})
	AT=[0]⊥ (null)
	TT=[101](`tt:ampm` ∈ {'PM'}) ∧ (`tt:weekday` ∈ {'Sun', 'Thu'})
-------------------------------------------------------------------------------
Node [255]: (CT=110, AT=0, TT=101), containing 1 events.
	CT=[110](`ct:channel` ∈ {'Intern'})
	AT=[0]⊥ (null)
	TT=[101](`tt:ampm` ∈ {'PM'}) ∧ (`tt:weekday` ∈ {'Sun', 'Thu'})
-------------------------------------------------------------------------------
Node [344]: (CT=146, AT=0, TT=102), containing 148 events.
	CT=[146](`ct:channel` ∈ {'e-mail', 'Internet'})
	AT=[0]⊥ (null)
	TT=[102](`tt:ampm` ∈ {'AM'}) ∧ (`tt:weekday` ∈ {'Sun', 'Thu'})
-------------------------------------------------------------------------------
Node [345]: (CT=147, AT=0, TT=102), containing 27 events.
	CT=[147](`ct:channel` ∈ {'Post', 'Desk'})
	AT=[0]⊥ (null)
	TT=[102](`tt:ampm` ∈ {'AM'}) ∧ (`tt:weekday` ∈ {'Sun', 'Thu'})

===============================================================================
Step	[4]

-------------------------------------------------------------------------------
Node [252]: (CT=110, AT=0, TT=99), containing 5 events.
	CT=[110](`ct:channel` ∈ {'Intern'})
	AT=[0]⊥ (null)
	TT=[99](`tt:ampm` ∈ {'PM'}) ∧ (`tt:weekday` ∈ {'Tue', 'Wed', 'Fri', 'Sat', 'Mon'})
-------------------------------------------------------------------------------
Node [255]: (CT=110, AT=0, TT=101), containing 1 events.
	CT=[110](`ct:channel` ∈ {'Intern'})
	AT=[0]⊥ (null)
	TT=[101](`tt:ampm` ∈ {'PM'}) ∧ (`tt:weekday` ∈ {'Sun', 'Thu'})
-------------------------------------------------------------------------------
Node [338]: (CT=146, AT=0, TT=99), containing 5051 events.
	CT=[146](`ct:channel` ∈ {'e-mail', 'Internet'})
	AT=[0]⊥ (null)
	TT=[99](`tt:ampm` ∈ {'PM'}) ∧ (`tt:weekday` ∈ {'Tue', 'Wed', 'Fri', 'Sat', 'Mon'})
-------------------------------------------------------------------------------
Node [461]: (CT=184, AT=0, TT=99), containing 213 events.
	CT=[184](`ct:channel` ∈ {'Post'})
	AT=[0]⊥ (null)
	TT=[99](`tt:ampm` ∈ {'PM'}) ∧ (`tt:weekday` ∈ {'Tue', 'Wed', 'Fri', 'Sat', 'Mon'})
-------------------------------------------------------------------------------
Node [462]: (CT=185, AT=0, TT=99), containing 420 events.
	CT=[185](`ct:channel` ∈ {'Desk'})
	AT=[0]⊥ (null)
	TT=[99](`tt:ampm` ∈ {'PM'}) ∧ (`tt:weekday` ∈ {'Tue', 'Wed', 'Fri', 'Sat', 'Mon'})
-------------------------------------------------------------------------------
Node [340]: (CT=146, AT=0, TT=100), containing 769 events.
	CT=[146](`ct:channel` ∈ {'e-mail', 'Internet'})
	AT=[0]⊥ (null)
	TT=[100](`tt:ampm` ∈ {'AM'}) ∧ (`tt:weekday` ∈ {'Tue', 'Wed', 'Fri', 'Sat', 'Mon'})
-------------------------------------------------------------------------------
Node [463]: (CT=184, AT=0, TT=100), containing 27 events.
	CT=[184](`ct:channel` ∈ {'Post'})
	AT=[0]⊥ (null)
	TT=[100](`tt:ampm` ∈ {'AM'}) ∧ (`tt:weekday` ∈ {'Tue', 'Wed', 'Fri', 'Sat', 'Mon'})
-------------------------------------------------------------------------------
Node [464]: (CT=185, AT=0, TT=100), containing 92 events.
	CT=[185](`ct:channel` ∈ {'Desk'})
	AT=[0]⊥ (null)
	TT=[100](`tt:ampm` ∈ {'AM'}) ∧ (`tt:weekday` ∈ {'Tue', 'Wed', 'Fri', 'Sat', 'Mon'})
-------------------------------------------------------------------------------
Node [342]: (CT=146, AT=0, TT=101), containing 1638 events.
	CT=[146](`ct:channel` ∈ {'e-mail', 'Internet'})
	AT=[0]⊥ (null)
	TT=[101](`tt:ampm` ∈ {'PM'}) ∧ (`tt:weekday` ∈ {'Sun', 'Thu'})
-------------------------------------------------------------------------------
Node [465]: (CT=184, AT=0, TT=101), containing 68 events.
	CT=[184](`ct:channel` ∈ {'Post'})
	AT=[0]⊥ (null)
	TT=[101](`tt:ampm` ∈ {'PM'}) ∧ (`tt:weekday` ∈ {'Sun', 'Thu'})
-------------------------------------------------------------------------------
Node [466]: (CT=185, AT=0, TT=101), containing 118 events.
	CT=[185](`ct:channel` ∈ {'Desk'})
	AT=[0]⊥ (null)
	TT=[101](`tt:ampm` ∈ {'PM'}) ∧ (`tt:weekday` ∈ {'Sun', 'Thu'})
-------------------------------------------------------------------------------
Node [344]: (CT=146, AT=0, TT=102), containing 148 events.
	CT=[146](`ct:channel` ∈ {'e-mail', 'Internet'})
	AT=[0]⊥ (null)
	TT=[102](`tt:ampm` ∈ {'AM'}) ∧ (`tt:weekday` ∈ {'Sun', 'Thu'})
-------------------------------------------------------------------------------
Node [467]: (CT=185, AT=0, TT=102), containing 27 events.
	CT=[185](`ct:channel` ∈ {'Desk'})
	AT=[0]⊥ (null)
	TT=[102](`tt:ampm` ∈ {'AM'}) ∧ (`tt:weekday` ∈ {'Sun', 'Thu'})

===============================================================================
Step	[5]

-------------------------------------------------------------------------------
Node [252]: (CT=110, AT=0, TT=99), containing 5 events.
	CT=[110](`ct:channel` ∈ {'Intern'})
	AT=[0]⊥ (null)
	TT=[99](`tt:ampm` ∈ {'PM'}) ∧ (`tt:weekday` ∈ {'Tue', 'Wed', 'Fri', 'Sat', 'Mon'})
-------------------------------------------------------------------------------
Node [255]: (CT=110, AT=0, TT=101), containing 1 events.
	CT=[110](`ct:channel` ∈ {'Intern'})
	AT=[0]⊥ (null)
	TT=[101](`tt:ampm` ∈ {'PM'}) ∧ (`tt:weekday` ∈ {'Sun', 'Thu'})
-------------------------------------------------------------------------------
Node [602]: (CT=207, AT=0, TT=99), containing 91 events.
	CT=[207](`ct:channel` ∈ {'e-mail'})
	AT=[0]⊥ (null)
	TT=[99](`tt:ampm` ∈ {'PM'}) ∧ (`tt:weekday` ∈ {'Tue', 'Wed', 'Fri', 'Sat', 'Mon'})
-------------------------------------------------------------------------------
Node [603]: (CT=208, AT=0, TT=99), containing 4960 events.
	CT=[208](`ct:channel` ∈ {'Internet'})
	AT=[0]⊥ (null)
	TT=[99](`tt:ampm` ∈ {'PM'}) ∧ (`tt:weekday` ∈ {'Tue', 'Wed', 'Fri', 'Sat', 'Mon'})
-------------------------------------------------------------------------------
Node [604]: (CT=207, AT=0, TT=100), containing 7 events.
	CT=[207](`ct:channel` ∈ {'e-mail'})
	AT=[0]⊥ (null)
	TT=[100](`tt:ampm` ∈ {'AM'}) ∧ (`tt:weekday` ∈ {'Tue', 'Wed', 'Fri', 'Sat', 'Mon'})
-------------------------------------------------------------------------------
Node [605]: (CT=208, AT=0, TT=100), containing 762 events.
	CT=[208](`ct:channel` ∈ {'Internet'})
	AT=[0]⊥ (null)
	TT=[100](`tt:ampm` ∈ {'AM'}) ∧ (`tt:weekday` ∈ {'Tue', 'Wed', 'Fri', 'Sat', 'Mon'})
-------------------------------------------------------------------------------
Node [606]: (CT=207, AT=0, TT=101), containing 29 events.
	CT=[207](`ct:channel` ∈ {'e-mail'})
	AT=[0]⊥ (null)
	TT=[101](`tt:ampm` ∈ {'PM'}) ∧ (`tt:weekday` ∈ {'Sun', 'Thu'})
-------------------------------------------------------------------------------
Node [607]: (CT=208, AT=0, TT=101), containing 1609 events.
	CT=[208](`ct:channel` ∈ {'Internet'})
	AT=[0]⊥ (null)
	TT=[101](`tt:ampm` ∈ {'PM'}) ∧ (`tt:weekday` ∈ {'Sun', 'Thu'})
-------------------------------------------------------------------------------
Node [608]: (CT=207, AT=0, TT=102), containing 1 events.
	CT=[207](`ct:channel` ∈ {'e-mail'})
	AT=[0]⊥ (null)
	TT=[102](`tt:ampm` ∈ {'AM'}) ∧ (`tt:weekday` ∈ {'Sun', 'Thu'})
-------------------------------------------------------------------------------
Node [609]: (CT=208, AT=0, TT=102), containing 147 events.
	CT=[208](`ct:channel` ∈ {'Internet'})
	AT=[0]⊥ (null)
	TT=[102](`tt:ampm` ∈ {'AM'}) ∧ (`tt:weekday` ∈ {'Sun', 'Thu'})
-------------------------------------------------------------------------------
Node [461]: (CT=184, AT=0, TT=99), containing 213 events.
	CT=[184](`ct:channel` ∈ {'Post'})
	AT=[0]⊥ (null)
	TT=[99](`tt:ampm` ∈ {'PM'}) ∧ (`tt:weekday` ∈ {'Tue', 'Wed', 'Fri', 'Sat', 'Mon'})
-------------------------------------------------------------------------------
Node [462]: (CT=185, AT=0, TT=99), containing 420 events.
	CT=[185](`ct:channel` ∈ {'Desk'})
	AT=[0]⊥ (null)
	TT=[99](`tt:ampm` ∈ {'PM'}) ∧ (`tt:weekday` ∈ {'Tue', 'Wed', 'Fri', 'Sat', 'Mon'})
-------------------------------------------------------------------------------
Node [463]: (CT=184, AT=0, TT=100), containing 27 events.
	CT=[184](`ct:channel` ∈ {'Post'})
	AT=[0]⊥ (null)
	TT=[100](`tt:ampm` ∈ {'AM'}) ∧ (`tt:weekday` ∈ {'Tue', 'Wed', 'Fri', 'Sat', 'Mon'})
-------------------------------------------------------------------------------
Node [464]: (CT=185, AT=0, TT=100), containing 92 events.
	CT=[185](`ct:channel` ∈ {'Desk'})
	AT=[0]⊥ (null)
	TT=[100](`tt:ampm` ∈ {'AM'}) ∧ (`tt:weekday` ∈ {'Tue', 'Wed', 'Fri', 'Sat', 'Mon'})
-------------------------------------------------------------------------------
Node [465]: (CT=184, AT=0, TT=101), containing 68 events.
	CT=[184](`ct:channel` ∈ {'Post'})
	AT=[0]⊥ (null)
	TT=[101](`tt:ampm` ∈ {'PM'}) ∧ (`tt:weekday` ∈ {'Sun', 'Thu'})
-------------------------------------------------------------------------------
Node [466]: (CT=185, AT=0, TT=101), containing 118 events.
	CT=[185](`ct:channel` ∈ {'Desk'})
	AT=[0]⊥ (null)
	TT=[101](`tt:ampm` ∈ {'PM'}) ∧ (`tt:weekday` ∈ {'Sun', 'Thu'})
-------------------------------------------------------------------------------
Node [467]: (CT=185, AT=0, TT=102), containing 27 events.
	CT=[185](`ct:channel` ∈ {'Desk'})
	AT=[0]⊥ (null)
	TT=[102](`tt:ampm` ∈ {'AM'}) ∧ (`tt:weekday` ∈ {'Sun', 'Thu'})

===============================================================================
Step	[6]

-------------------------------------------------------------------------------
Node [252]: (CT=110, AT=0, TT=99), containing 5 events.
	CT=[110](`ct:channel` ∈ {'Intern'})
	AT=[0]⊥ (null)
	TT=[99](`tt:ampm` ∈ {'PM'}) ∧ (`tt:weekday` ∈ {'Tue', 'Wed', 'Fri', 'Sat', 'Mon'})
-------------------------------------------------------------------------------
Node [761]: (CT=110, AT=0, TT=547), containing 1 events.
	CT=[110](`ct:channel` ∈ {'Intern'})
	AT=[0]⊥ (null)
	TT=[547](`tt:ampm` ∈ {'PM'}) ∧ (`tt:weekday` ∈ {'Thu'})
-------------------------------------------------------------------------------
Node [461]: (CT=184, AT=0, TT=99), containing 213 events.
	CT=[184](`ct:channel` ∈ {'Post'})
	AT=[0]⊥ (null)
	TT=[99](`tt:ampm` ∈ {'PM'}) ∧ (`tt:weekday` ∈ {'Tue', 'Wed', 'Fri', 'Sat', 'Mon'})
-------------------------------------------------------------------------------
Node [462]: (CT=185, AT=0, TT=99), containing 420 events.
	CT=[185](`ct:channel` ∈ {'Desk'})
	AT=[0]⊥ (null)
	TT=[99](`tt:ampm` ∈ {'PM'}) ∧ (`tt:weekday` ∈ {'Tue', 'Wed', 'Fri', 'Sat', 'Mon'})
-------------------------------------------------------------------------------
Node [463]: (CT=184, AT=0, TT=100), containing 27 events.
	CT=[184](`ct:channel` ∈ {'Post'})
	AT=[0]⊥ (null)
	TT=[100](`tt:ampm` ∈ {'AM'}) ∧ (`tt:weekday` ∈ {'Tue', 'Wed', 'Fri', 'Sat', 'Mon'})
-------------------------------------------------------------------------------
Node [464]: (CT=185, AT=0, TT=100), containing 92 events.
	CT=[185](`ct:channel` ∈ {'Desk'})
	AT=[0]⊥ (null)
	TT=[100](`tt:ampm` ∈ {'AM'}) ∧ (`tt:weekday` ∈ {'Tue', 'Wed', 'Fri', 'Sat', 'Mon'})
-------------------------------------------------------------------------------
Node [762]: (CT=184, AT=0, TT=547), containing 68 events.
	CT=[184](`ct:channel` ∈ {'Post'})
	AT=[0]⊥ (null)
	TT=[547](`tt:ampm` ∈ {'PM'}) ∧ (`tt:weekday` ∈ {'Thu'})
-------------------------------------------------------------------------------
Node [763]: (CT=185, AT=0, TT=547), containing 118 events.
	CT=[185](`ct:channel` ∈ {'Desk'})
	AT=[0]⊥ (null)
	TT=[547](`tt:ampm` ∈ {'PM'}) ∧ (`tt:weekday` ∈ {'Thu'})
-------------------------------------------------------------------------------
Node [764]: (CT=185, AT=0, TT=550), containing 27 events.
	CT=[185](`ct:channel` ∈ {'Desk'})
	AT=[0]⊥ (null)
	TT=[550](`tt:ampm` ∈ {'AM'}) ∧ (`tt:weekday` ∈ {'Thu'})
-------------------------------------------------------------------------------
Node [602]: (CT=207, AT=0, TT=99), containing 91 events.
	CT=[207](`ct:channel` ∈ {'e-mail'})
	AT=[0]⊥ (null)
	TT=[99](`tt:ampm` ∈ {'PM'}) ∧ (`tt:weekday` ∈ {'Tue', 'Wed', 'Fri', 'Sat', 'Mon'})
-------------------------------------------------------------------------------
Node [603]: (CT=208, AT=0, TT=99), containing 4960 events.
	CT=[208](`ct:channel` ∈ {'Internet'})
	AT=[0]⊥ (null)
	TT=[99](`tt:ampm` ∈ {'PM'}) ∧ (`tt:weekday` ∈ {'Tue', 'Wed', 'Fri', 'Sat', 'Mon'})
-------------------------------------------------------------------------------
Node [604]: (CT=207, AT=0, TT=100), containing 7 events.
	CT=[207](`ct:channel` ∈ {'e-mail'})
	AT=[0]⊥ (null)
	TT=[100](`tt:ampm` ∈ {'AM'}) ∧ (`tt:weekday` ∈ {'Tue', 'Wed', 'Fri', 'Sat', 'Mon'})
-------------------------------------------------------------------------------
Node [605]: (CT=208, AT=0, TT=100), containing 762 events.
	CT=[208](`ct:channel` ∈ {'Internet'})
	AT=[0]⊥ (null)
	TT=[100](`tt:ampm` ∈ {'AM'}) ∧ (`tt:weekday` ∈ {'Tue', 'Wed', 'Fri', 'Sat', 'Mon'})
-------------------------------------------------------------------------------
Node [765]: (CT=207, AT=0, TT=547), containing 29 events.
	CT=[207](`ct:channel` ∈ {'e-mail'})
	AT=[0]⊥ (null)
	TT=[547](`tt:ampm` ∈ {'PM'}) ∧ (`tt:weekday` ∈ {'Thu'})
-------------------------------------------------------------------------------
Node [766]: (CT=208, AT=0, TT=552), containing 6 events.
	CT=[208](`ct:channel` ∈ {'Internet'})
	AT=[0]⊥ (null)
	TT=[552](`tt:ampm` ∈ {'PM'}) ∧ (`tt:weekday` ∈ {'Sun'})
-------------------------------------------------------------------------------
Node [767]: (CT=208, AT=0, TT=547), containing 1603 events.
	CT=[208](`ct:channel` ∈ {'Internet'})
	AT=[0]⊥ (null)
	TT=[547](`tt:ampm` ∈ {'PM'}) ∧ (`tt:weekday` ∈ {'Thu'})
-------------------------------------------------------------------------------
Node [768]: (CT=207, AT=0, TT=550), containing 1 events.
	CT=[207](`ct:channel` ∈ {'e-mail'})
	AT=[0]⊥ (null)
	TT=[550](`tt:ampm` ∈ {'AM'}) ∧ (`tt:weekday` ∈ {'Thu'})
-------------------------------------------------------------------------------
Node [769]: (CT=208, AT=0, TT=555), containing 5 events.
	CT=[208](`ct:channel` ∈ {'Internet'})
	AT=[0]⊥ (null)
	TT=[555](`tt:ampm` ∈ {'AM'}) ∧ (`tt:weekday` ∈ {'Sun'})
-------------------------------------------------------------------------------
Node [770]: (CT=208, AT=0, TT=550), containing 142 events.
	CT=[208](`ct:channel` ∈ {'Internet'})
	AT=[0]⊥ (null)
	TT=[550](`tt:ampm` ∈ {'AM'}) ∧ (`tt:weekday` ∈ {'Thu'})

===============================================================================
Step	[7]

-------------------------------------------------------------------------------
Node [905]: (CT=110, AT=0, TT=691), containing 5 events.
	CT=[110](`ct:channel` ∈ {'Intern'})
	AT=[0]⊥ (null)
	TT=[691](`tt:ampm` ∈ {'PM'}) ∧ (`tt:weekday` ∈ {'Wed', 'Mon'})
-------------------------------------------------------------------------------
Node [906]: (CT=184, AT=0, TT=692), containing 133 events.
	CT=[184](`ct:channel` ∈ {'Post'})
	AT=[0]⊥ (null)
	TT=[692](`tt:ampm` ∈ {'PM'}) ∧ (`tt:weekday` ∈ {'Tue', 'Fri', 'Sat'})
-------------------------------------------------------------------------------
Node [907]: (CT=184, AT=0, TT=691), containing 80 events.
	CT=[184](`ct:channel` ∈ {'Post'})
	AT=[0]⊥ (null)
	TT=[691](`tt:ampm` ∈ {'PM'}) ∧ (`tt:weekday` ∈ {'Wed', 'Mon'})
-------------------------------------------------------------------------------
Node [908]: (CT=185, AT=0, TT=692), containing 190 events.
	CT=[185](`ct:channel` ∈ {'Desk'})
	AT=[0]⊥ (null)
	TT=[692](`tt:ampm` ∈ {'PM'}) ∧ (`tt:weekday` ∈ {'Tue', 'Fri', 'Sat'})
-------------------------------------------------------------------------------
Node [909]: (CT=185, AT=0, TT=691), containing 230 events.
	CT=[185](`ct:channel` ∈ {'Desk'})
	AT=[0]⊥ (null)
	TT=[691](`tt:ampm` ∈ {'PM'}) ∧ (`tt:weekday` ∈ {'Wed', 'Mon'})
-------------------------------------------------------------------------------
Node [910]: (CT=184, AT=0, TT=696), containing 24 events.
	CT=[184](`ct:channel` ∈ {'Post'})
	AT=[0]⊥ (null)
	TT=[696](`tt:ampm` ∈ {'AM'}) ∧ (`tt:weekday` ∈ {'Tue', 'Fri', 'Sat'})
-------------------------------------------------------------------------------
Node [911]: (CT=184, AT=0, TT=697), containing 3 events.
	CT=[184](`ct:channel` ∈ {'Post'})
	AT=[0]⊥ (null)
	TT=[697](`tt:ampm` ∈ {'AM'}) ∧ (`tt:weekday` ∈ {'Wed', 'Mon'})
-------------------------------------------------------------------------------
Node [912]: (CT=185, AT=0, TT=696), containing 66 events.
	CT=[185](`ct:channel` ∈ {'Desk'})
	AT=[0]⊥ (null)
	TT=[696](`tt:ampm` ∈ {'AM'}) ∧ (`tt:weekday` ∈ {'Tue', 'Fri', 'Sat'})
-------------------------------------------------------------------------------
Node [913]: (CT=185, AT=0, TT=697), containing 26 events.
	CT=[185](`ct:channel` ∈ {'Desk'})
	AT=[0]⊥ (null)
	TT=[697](`tt:ampm` ∈ {'AM'}) ∧ (`tt:weekday` ∈ {'Wed', 'Mon'})
-------------------------------------------------------------------------------
Node [914]: (CT=207, AT=0, TT=692), containing 36 events.
	CT=[207](`ct:channel` ∈ {'e-mail'})
	AT=[0]⊥ (null)
	TT=[692](`tt:ampm` ∈ {'PM'}) ∧ (`tt:weekday` ∈ {'Tue', 'Fri', 'Sat'})
-------------------------------------------------------------------------------
Node [915]: (CT=207, AT=0, TT=691), containing 55 events.
	CT=[207](`ct:channel` ∈ {'e-mail'})
	AT=[0]⊥ (null)
	TT=[691](`tt:ampm` ∈ {'PM'}) ∧ (`tt:weekday` ∈ {'Wed', 'Mon'})
-------------------------------------------------------------------------------
Node [916]: (CT=208, AT=0, TT=692), containing 2344 events.
	CT=[208](`ct:channel` ∈ {'Internet'})
	AT=[0]⊥ (null)
	TT=[692](`tt:ampm` ∈ {'PM'}) ∧ (`tt:weekday` ∈ {'Tue', 'Fri', 'Sat'})
-------------------------------------------------------------------------------
Node [917]: (CT=208, AT=0, TT=691), containing 2616 events.
	CT=[208](`ct:channel` ∈ {'Internet'})
	AT=[0]⊥ (null)
	TT=[691](`tt:ampm` ∈ {'PM'}) ∧ (`tt:weekday` ∈ {'Wed', 'Mon'})
-------------------------------------------------------------------------------
Node [918]: (CT=207, AT=0, TT=696), containing 7 events.
	CT=[207](`ct:channel` ∈ {'e-mail'})
	AT=[0]⊥ (null)
	TT=[696](`tt:ampm` ∈ {'AM'}) ∧ (`tt:weekday` ∈ {'Tue', 'Fri', 'Sat'})
-------------------------------------------------------------------------------
Node [919]: (CT=208, AT=0, TT=696), containing 552 events.
	CT=[208](`ct:channel` ∈ {'Internet'})
	AT=[0]⊥ (null)
	TT=[696](`tt:ampm` ∈ {'AM'}) ∧ (`tt:weekday` ∈ {'Tue', 'Fri', 'Sat'})
-------------------------------------------------------------------------------
Node [920]: (CT=208, AT=0, TT=697), containing 210 events.
	CT=[208](`ct:channel` ∈ {'Internet'})
	AT=[0]⊥ (null)
	TT=[697](`tt:ampm` ∈ {'AM'}) ∧ (`tt:weekday` ∈ {'Wed', 'Mon'})
-------------------------------------------------------------------------------
Node [761]: (CT=110, AT=0, TT=547), containing 1 events.
	CT=[110](`ct:channel` ∈ {'Intern'})
	AT=[0]⊥ (null)
	TT=[547](`tt:ampm` ∈ {'PM'}) ∧ (`tt:weekday` ∈ {'Thu'})
-------------------------------------------------------------------------------
Node [762]: (CT=184, AT=0, TT=547), containing 68 events.
	CT=[184](`ct:channel` ∈ {'Post'})
	AT=[0]⊥ (null)
	TT=[547](`tt:ampm` ∈ {'PM'}) ∧ (`tt:weekday` ∈ {'Thu'})
-------------------------------------------------------------------------------
Node [763]: (CT=185, AT=0, TT=547), containing 118 events.
	CT=[185](`ct:channel` ∈ {'Desk'})
	AT=[0]⊥ (null)
	TT=[547](`tt:ampm` ∈ {'PM'}) ∧ (`tt:weekday` ∈ {'Thu'})
-------------------------------------------------------------------------------
Node [764]: (CT=185, AT=0, TT=550), containing 27 events.
	CT=[185](`ct:channel` ∈ {'Desk'})
	AT=[0]⊥ (null)
	TT=[550](`tt:ampm` ∈ {'AM'}) ∧ (`tt:weekday` ∈ {'Thu'})
-------------------------------------------------------------------------------
Node [765]: (CT=207, AT=0, TT=547), containing 29 events.
	CT=[207](`ct:channel` ∈ {'e-mail'})
	AT=[0]⊥ (null)
	TT=[547](`tt:ampm` ∈ {'PM'}) ∧ (`tt:weekday` ∈ {'Thu'})
-------------------------------------------------------------------------------
Node [766]: (CT=208, AT=0, TT=552), containing 6 events.
	CT=[208](`ct:channel` ∈ {'Internet'})
	AT=[0]⊥ (null)
	TT=[552](`tt:ampm` ∈ {'PM'}) ∧ (`tt:weekday` ∈ {'Sun'})
-------------------------------------------------------------------------------
Node [767]: (CT=208, AT=0, TT=547), containing 1603 events.
	CT=[208](`ct:channel` ∈ {'Internet'})
	AT=[0]⊥ (null)
	TT=[547](`tt:ampm` ∈ {'PM'}) ∧ (`tt:weekday` ∈ {'Thu'})
-------------------------------------------------------------------------------
Node [768]: (CT=207, AT=0, TT=550), containing 1 events.
	CT=[207](`ct:channel` ∈ {'e-mail'})
	AT=[0]⊥ (null)
	TT=[550](`tt:ampm` ∈ {'AM'}) ∧ (`tt:weekday` ∈ {'Thu'})
-------------------------------------------------------------------------------
Node [769]: (CT=208, AT=0, TT=555), containing 5 events.
	CT=[208](`ct:channel` ∈ {'Internet'})
	AT=[0]⊥ (null)
	TT=[555](`tt:ampm` ∈ {'AM'}) ∧ (`tt:weekday` ∈ {'Sun'})
-------------------------------------------------------------------------------
Node [770]: (CT=208, AT=0, TT=550), containing 142 events.
	CT=[208](`ct:channel` ∈ {'Internet'})
	AT=[0]⊥ (null)
	TT=[550](`tt:ampm` ∈ {'AM'}) ∧ (`tt:weekday` ∈ {'Thu'})

===============================================================================
Step	[8]

-------------------------------------------------------------------------------
Node [761]: (CT=110, AT=0, TT=547), containing 1 events.
	CT=[110](`ct:channel` ∈ {'Intern'})
	AT=[0]⊥ (null)
	TT=[547](`tt:ampm` ∈ {'PM'}) ∧ (`tt:weekday` ∈ {'Thu'})
-------------------------------------------------------------------------------
Node [762]: (CT=184, AT=0, TT=547), containing 68 events.
	CT=[184](`ct:channel` ∈ {'Post'})
	AT=[0]⊥ (null)
	TT=[547](`tt:ampm` ∈ {'PM'}) ∧ (`tt:weekday` ∈ {'Thu'})
-------------------------------------------------------------------------------
Node [763]: (CT=185, AT=0, TT=547), containing 118 events.
	CT=[185](`ct:channel` ∈ {'Desk'})
	AT=[0]⊥ (null)
	TT=[547](`tt:ampm` ∈ {'PM'}) ∧ (`tt:weekday` ∈ {'Thu'})
-------------------------------------------------------------------------------
Node [764]: (CT=185, AT=0, TT=550), containing 27 events.
	CT=[185](`ct:channel` ∈ {'Desk'})
	AT=[0]⊥ (null)
	TT=[550](`tt:ampm` ∈ {'AM'}) ∧ (`tt:weekday` ∈ {'Thu'})
-------------------------------------------------------------------------------
Node [765]: (CT=207, AT=0, TT=547), containing 29 events.
	CT=[207](`ct:channel` ∈ {'e-mail'})
	AT=[0]⊥ (null)
	TT=[547](`tt:ampm` ∈ {'PM'}) ∧ (`tt:weekday` ∈ {'Thu'})
-------------------------------------------------------------------------------
Node [766]: (CT=208, AT=0, TT=552), containing 6 events.
	CT=[208](`ct:channel` ∈ {'Internet'})
	AT=[0]⊥ (null)
	TT=[552](`tt:ampm` ∈ {'PM'}) ∧ (`tt:weekday` ∈ {'Sun'})
-------------------------------------------------------------------------------
Node [767]: (CT=208, AT=0, TT=547), containing 1603 events.
	CT=[208](`ct:channel` ∈ {'Internet'})
	AT=[0]⊥ (null)
	TT=[547](`tt:ampm` ∈ {'PM'}) ∧ (`tt:weekday` ∈ {'Thu'})
-------------------------------------------------------------------------------
Node [768]: (CT=207, AT=0, TT=550), containing 1 events.
	CT=[207](`ct:channel` ∈ {'e-mail'})
	AT=[0]⊥ (null)
	TT=[550](`tt:ampm` ∈ {'AM'}) ∧ (`tt:weekday` ∈ {'Thu'})
-------------------------------------------------------------------------------
Node [769]: (CT=208, AT=0, TT=555), containing 5 events.
	CT=[208](`ct:channel` ∈ {'Internet'})
	AT=[0]⊥ (null)
	TT=[555](`tt:ampm` ∈ {'AM'}) ∧ (`tt:weekday` ∈ {'Sun'})
-------------------------------------------------------------------------------
Node [770]: (CT=208, AT=0, TT=550), containing 142 events.
	CT=[208](`ct:channel` ∈ {'Internet'})
	AT=[0]⊥ (null)
	TT=[550](`tt:ampm` ∈ {'AM'}) ∧ (`tt:weekday` ∈ {'Thu'})
-------------------------------------------------------------------------------
Node [905]: (CT=110, AT=0, TT=691), containing 5 events.
	CT=[110](`ct:channel` ∈ {'Intern'})
	AT=[0]⊥ (null)
	TT=[691](`tt:ampm` ∈ {'PM'}) ∧ (`tt:weekday` ∈ {'Wed', 'Mon'})
-------------------------------------------------------------------------------
Node [979]: (CT=184, AT=0, TT=765), containing 94 events.
	CT=[184](`ct:channel` ∈ {'Post'})
	AT=[0]⊥ (null)
	TT=[765](`tt:ampm` ∈ {'PM'}) ∧ (`tt:weekday` ∈ {'Tue', 'Sat'})
-------------------------------------------------------------------------------
Node [980]: (CT=184, AT=0, TT=766), containing 39 events.
	CT=[184](`ct:channel` ∈ {'Post'})
	AT=[0]⊥ (null)
	TT=[766](`tt:ampm` ∈ {'PM'}) ∧ (`tt:weekday` ∈ {'Fri'})
-------------------------------------------------------------------------------
Node [907]: (CT=184, AT=0, TT=691), containing 80 events.
	CT=[184](`ct:channel` ∈ {'Post'})
	AT=[0]⊥ (null)
	TT=[691](`tt:ampm` ∈ {'PM'}) ∧ (`tt:weekday` ∈ {'Wed', 'Mon'})
-------------------------------------------------------------------------------
Node [981]: (CT=185, AT=0, TT=765), containing 116 events.
	CT=[185](`ct:channel` ∈ {'Desk'})
	AT=[0]⊥ (null)
	TT=[765](`tt:ampm` ∈ {'PM'}) ∧ (`tt:weekday` ∈ {'Tue', 'Sat'})
-------------------------------------------------------------------------------
Node [982]: (CT=185, AT=0, TT=766), containing 74 events.
	CT=[185](`ct:channel` ∈ {'Desk'})
	AT=[0]⊥ (null)
	TT=[766](`tt:ampm` ∈ {'PM'}) ∧ (`tt:weekday` ∈ {'Fri'})
-------------------------------------------------------------------------------
Node [909]: (CT=185, AT=0, TT=691), containing 230 events.
	CT=[185](`ct:channel` ∈ {'Desk'})
	AT=[0]⊥ (null)
	TT=[691](`tt:ampm` ∈ {'PM'}) ∧ (`tt:weekday` ∈ {'Wed', 'Mon'})
-------------------------------------------------------------------------------
Node [983]: (CT=184, AT=0, TT=769), containing 21 events.
	CT=[184](`ct:channel` ∈ {'Post'})
	AT=[0]⊥ (null)
	TT=[769](`tt:ampm` ∈ {'AM'}) ∧ (`tt:weekday` ∈ {'Tue', 'Sat'})
-------------------------------------------------------------------------------
Node [984]: (CT=184, AT=0, TT=770), containing 3 events.
	CT=[184](`ct:channel` ∈ {'Post'})
	AT=[0]⊥ (null)
	TT=[770](`tt:ampm` ∈ {'AM'}) ∧ (`tt:weekday` ∈ {'Fri'})
-------------------------------------------------------------------------------
Node [911]: (CT=184, AT=0, TT=697), containing 3 events.
	CT=[184](`ct:channel` ∈ {'Post'})
	AT=[0]⊥ (null)
	TT=[697](`tt:ampm` ∈ {'AM'}) ∧ (`tt:weekday` ∈ {'Wed', 'Mon'})
-------------------------------------------------------------------------------
Node [985]: (CT=185, AT=0, TT=769), containing 39 events.
	CT=[185](`ct:channel` ∈ {'Desk'})
	AT=[0]⊥ (null)
	TT=[769](`tt:ampm` ∈ {'AM'}) ∧ (`tt:weekday` ∈ {'Tue', 'Sat'})
-------------------------------------------------------------------------------
Node [986]: (CT=185, AT=0, TT=770), containing 27 events.
	CT=[185](`ct:channel` ∈ {'Desk'})
	AT=[0]⊥ (null)
	TT=[770](`tt:ampm` ∈ {'AM'}) ∧ (`tt:weekday` ∈ {'Fri'})
-------------------------------------------------------------------------------
Node [913]: (CT=185, AT=0, TT=697), containing 26 events.
	CT=[185](`ct:channel` ∈ {'Desk'})
	AT=[0]⊥ (null)
	TT=[697](`tt:ampm` ∈ {'AM'}) ∧ (`tt:weekday` ∈ {'Wed', 'Mon'})
-------------------------------------------------------------------------------
Node [987]: (CT=207, AT=0, TT=765), containing 26 events.
	CT=[207](`ct:channel` ∈ {'e-mail'})
	AT=[0]⊥ (null)
	TT=[765](`tt:ampm` ∈ {'PM'}) ∧ (`tt:weekday` ∈ {'Tue', 'Sat'})
-------------------------------------------------------------------------------
Node [988]: (CT=207, AT=0, TT=766), containing 10 events.
	CT=[207](`ct:channel` ∈ {'e-mail'})
	AT=[0]⊥ (null)
	TT=[766](`tt:ampm` ∈ {'PM'}) ∧ (`tt:weekday` ∈ {'Fri'})
-------------------------------------------------------------------------------
Node [915]: (CT=207, AT=0, TT=691), containing 55 events.
	CT=[207](`ct:channel` ∈ {'e-mail'})
	AT=[0]⊥ (null)
	TT=[691](`tt:ampm` ∈ {'PM'}) ∧ (`tt:weekday` ∈ {'Wed', 'Mon'})
-------------------------------------------------------------------------------
Node [989]: (CT=208, AT=0, TT=765), containing 1454 events.
	CT=[208](`ct:channel` ∈ {'Internet'})
	AT=[0]⊥ (null)
	TT=[765](`tt:ampm` ∈ {'PM'}) ∧ (`tt:weekday` ∈ {'Tue', 'Sat'})
-------------------------------------------------------------------------------
Node [990]: (CT=208, AT=0, TT=766), containing 890 events.
	CT=[208](`ct:channel` ∈ {'Internet'})
	AT=[0]⊥ (null)
	TT=[766](`tt:ampm` ∈ {'PM'}) ∧ (`tt:weekday` ∈ {'Fri'})
-------------------------------------------------------------------------------
Node [917]: (CT=208, AT=0, TT=691), containing 2616 events.
	CT=[208](`ct:channel` ∈ {'Internet'})
	AT=[0]⊥ (null)
	TT=[691](`tt:ampm` ∈ {'PM'}) ∧ (`tt:weekday` ∈ {'Wed', 'Mon'})
-------------------------------------------------------------------------------
Node [991]: (CT=207, AT=0, TT=769), containing 3 events.
	CT=[207](`ct:channel` ∈ {'e-mail'})
	AT=[0]⊥ (null)
	TT=[769](`tt:ampm` ∈ {'AM'}) ∧ (`tt:weekday` ∈ {'Tue', 'Sat'})
-------------------------------------------------------------------------------
Node [992]: (CT=207, AT=0, TT=770), containing 4 events.
	CT=[207](`ct:channel` ∈ {'e-mail'})
	AT=[0]⊥ (null)
	TT=[770](`tt:ampm` ∈ {'AM'}) ∧ (`tt:weekday` ∈ {'Fri'})
-------------------------------------------------------------------------------
Node [993]: (CT=208, AT=0, TT=769), containing 303 events.
	CT=[208](`ct:channel` ∈ {'Internet'})
	AT=[0]⊥ (null)
	TT=[769](`tt:ampm` ∈ {'AM'}) ∧ (`tt:weekday` ∈ {'Tue', 'Sat'})
-------------------------------------------------------------------------------
Node [994]: (CT=208, AT=0, TT=770), containing 249 events.
	CT=[208](`ct:channel` ∈ {'Internet'})
	AT=[0]⊥ (null)
	TT=[770](`tt:ampm` ∈ {'AM'}) ∧ (`tt:weekday` ∈ {'Fri'})
-------------------------------------------------------------------------------
Node [920]: (CT=208, AT=0, TT=697), containing 210 events.
	CT=[208](`ct:channel` ∈ {'Internet'})
	AT=[0]⊥ (null)
	TT=[697](`tt:ampm` ∈ {'AM'}) ∧ (`tt:weekday` ∈ {'Wed', 'Mon'})

===============================================================================
Step	[9]

-------------------------------------------------------------------------------
Node [761]: (CT=110, AT=0, TT=547), containing 1 events.
	CT=[110](`ct:channel` ∈ {'Intern'})
	AT=[0]⊥ (null)
	TT=[547](`tt:ampm` ∈ {'PM'}) ∧ (`tt:weekday` ∈ {'Thu'})
-------------------------------------------------------------------------------
Node [762]: (CT=184, AT=0, TT=547), containing 68 events.
	CT=[184](`ct:channel` ∈ {'Post'})
	AT=[0]⊥ (null)
	TT=[547](`tt:ampm` ∈ {'PM'}) ∧ (`tt:weekday` ∈ {'Thu'})
-------------------------------------------------------------------------------
Node [763]: (CT=185, AT=0, TT=547), containing 118 events.
	CT=[185](`ct:channel` ∈ {'Desk'})
	AT=[0]⊥ (null)
	TT=[547](`tt:ampm` ∈ {'PM'}) ∧ (`tt:weekday` ∈ {'Thu'})
-------------------------------------------------------------------------------
Node [764]: (CT=185, AT=0, TT=550), containing 27 events.
	CT=[185](`ct:channel` ∈ {'Desk'})
	AT=[0]⊥ (null)
	TT=[550](`tt:ampm` ∈ {'AM'}) ∧ (`tt:weekday` ∈ {'Thu'})
-------------------------------------------------------------------------------
Node [765]: (CT=207, AT=0, TT=547), containing 29 events.
	CT=[207](`ct:channel` ∈ {'e-mail'})
	AT=[0]⊥ (null)
	TT=[547](`tt:ampm` ∈ {'PM'}) ∧ (`tt:weekday` ∈ {'Thu'})
-------------------------------------------------------------------------------
Node [766]: (CT=208, AT=0, TT=552), containing 6 events.
	CT=[208](`ct:channel` ∈ {'Internet'})
	AT=[0]⊥ (null)
	TT=[552](`tt:ampm` ∈ {'PM'}) ∧ (`tt:weekday` ∈ {'Sun'})
-------------------------------------------------------------------------------
Node [767]: (CT=208, AT=0, TT=547), containing 1603 events.
	CT=[208](`ct:channel` ∈ {'Internet'})
	AT=[0]⊥ (null)
	TT=[547](`tt:ampm` ∈ {'PM'}) ∧ (`tt:weekday` ∈ {'Thu'})
-------------------------------------------------------------------------------
Node [768]: (CT=207, AT=0, TT=550), containing 1 events.
	CT=[207](`ct:channel` ∈ {'e-mail'})
	AT=[0]⊥ (null)
	TT=[550](`tt:ampm` ∈ {'AM'}) ∧ (`tt:weekday` ∈ {'Thu'})
-------------------------------------------------------------------------------
Node [769]: (CT=208, AT=0, TT=555), containing 5 events.
	CT=[208](`ct:channel` ∈ {'Internet'})
	AT=[0]⊥ (null)
	TT=[555](`tt:ampm` ∈ {'AM'}) ∧ (`tt:weekday` ∈ {'Sun'})
-------------------------------------------------------------------------------
Node [770]: (CT=208, AT=0, TT=550), containing 142 events.
	CT=[208](`ct:channel` ∈ {'Internet'})
	AT=[0]⊥ (null)
	TT=[550](`tt:ampm` ∈ {'AM'}) ∧ (`tt:weekday` ∈ {'Thu'})
-------------------------------------------------------------------------------
Node [905]: (CT=110, AT=0, TT=691), containing 5 events.
	CT=[110](`ct:channel` ∈ {'Intern'})
	AT=[0]⊥ (null)
	TT=[691](`tt:ampm` ∈ {'PM'}) ∧ (`tt:weekday` ∈ {'Wed', 'Mon'})
-------------------------------------------------------------------------------
Node [907]: (CT=184, AT=0, TT=691), containing 80 events.
	CT=[184](`ct:channel` ∈ {'Post'})
	AT=[0]⊥ (null)
	TT=[691](`tt:ampm` ∈ {'PM'}) ∧ (`tt:weekday` ∈ {'Wed', 'Mon'})
-------------------------------------------------------------------------------
Node [909]: (CT=185, AT=0, TT=691), containing 230 events.
	CT=[185](`ct:channel` ∈ {'Desk'})
	AT=[0]⊥ (null)
	TT=[691](`tt:ampm` ∈ {'PM'}) ∧ (`tt:weekday` ∈ {'Wed', 'Mon'})
-------------------------------------------------------------------------------
Node [911]: (CT=184, AT=0, TT=697), containing 3 events.
	CT=[184](`ct:channel` ∈ {'Post'})
	AT=[0]⊥ (null)
	TT=[697](`tt:ampm` ∈ {'AM'}) ∧ (`tt:weekday` ∈ {'Wed', 'Mon'})
-------------------------------------------------------------------------------
Node [913]: (CT=185, AT=0, TT=697), containing 26 events.
	CT=[185](`ct:channel` ∈ {'Desk'})
	AT=[0]⊥ (null)
	TT=[697](`tt:ampm` ∈ {'AM'}) ∧ (`tt:weekday` ∈ {'Wed', 'Mon'})
-------------------------------------------------------------------------------
Node [915]: (CT=207, AT=0, TT=691), containing 55 events.
	CT=[207](`ct:channel` ∈ {'e-mail'})
	AT=[0]⊥ (null)
	TT=[691](`tt:ampm` ∈ {'PM'}) ∧ (`tt:weekday` ∈ {'Wed', 'Mon'})
-------------------------------------------------------------------------------
Node [917]: (CT=208, AT=0, TT=691), containing 2616 events.
	CT=[208](`ct:channel` ∈ {'Internet'})
	AT=[0]⊥ (null)
	TT=[691](`tt:ampm` ∈ {'PM'}) ∧ (`tt:weekday` ∈ {'Wed', 'Mon'})
-------------------------------------------------------------------------------
Node [920]: (CT=208, AT=0, TT=697), containing 210 events.
	CT=[208](`ct:channel` ∈ {'Internet'})
	AT=[0]⊥ (null)
	TT=[697](`tt:ampm` ∈ {'AM'}) ∧ (`tt:weekday` ∈ {'Wed', 'Mon'})
-------------------------------------------------------------------------------
Node [1047]: (CT=184, AT=0, TT=833), containing 94 events.
	CT=[184](`ct:channel` ∈ {'Post'})
	AT=[0]⊥ (null)
	TT=[833](`tt:ampm` ∈ {'PM'}) ∧ (`tt:weekday` ∈ {'Tue'})
-------------------------------------------------------------------------------
Node [980]: (CT=184, AT=0, TT=766), containing 39 events.
	CT=[184](`ct:channel` ∈ {'Post'})
	AT=[0]⊥ (null)
	TT=[766](`tt:ampm` ∈ {'PM'}) ∧ (`tt:weekday` ∈ {'Fri'})
-------------------------------------------------------------------------------
Node [1048]: (CT=185, AT=0, TT=833), containing 116 events.
	CT=[185](`ct:channel` ∈ {'Desk'})
	AT=[0]⊥ (null)
	TT=[833](`tt:ampm` ∈ {'PM'}) ∧ (`tt:weekday` ∈ {'Tue'})
-------------------------------------------------------------------------------
Node [982]: (CT=185, AT=0, TT=766), containing 74 events.
	CT=[185](`ct:channel` ∈ {'Desk'})
	AT=[0]⊥ (null)
	TT=[766](`tt:ampm` ∈ {'PM'}) ∧ (`tt:weekday` ∈ {'Fri'})
-------------------------------------------------------------------------------
Node [1049]: (CT=184, AT=0, TT=835), containing 12 events.
	CT=[184](`ct:channel` ∈ {'Post'})
	AT=[0]⊥ (null)
	TT=[835](`tt:ampm` ∈ {'AM'}) ∧ (`tt:weekday` ∈ {'Tue'})
-------------------------------------------------------------------------------
Node [1050]: (CT=184, AT=0, TT=836), containing 9 events.
	CT=[184](`ct:channel` ∈ {'Post'})
	AT=[0]⊥ (null)
	TT=[836](`tt:ampm` ∈ {'AM'}) ∧ (`tt:weekday` ∈ {'Sat'})
-------------------------------------------------------------------------------
Node [984]: (CT=184, AT=0, TT=770), containing 3 events.
	CT=[184](`ct:channel` ∈ {'Post'})
	AT=[0]⊥ (null)
	TT=[770](`tt:ampm` ∈ {'AM'}) ∧ (`tt:weekday` ∈ {'Fri'})
-------------------------------------------------------------------------------
Node [1051]: (CT=185, AT=0, TT=835), containing 19 events.
	CT=[185](`ct:channel` ∈ {'Desk'})
	AT=[0]⊥ (null)
	TT=[835](`tt:ampm` ∈ {'AM'}) ∧ (`tt:weekday` ∈ {'Tue'})
-------------------------------------------------------------------------------
Node [1052]: (CT=185, AT=0, TT=836), containing 20 events.
	CT=[185](`ct:channel` ∈ {'Desk'})
	AT=[0]⊥ (null)
	TT=[836](`tt:ampm` ∈ {'AM'}) ∧ (`tt:weekday` ∈ {'Sat'})
-------------------------------------------------------------------------------
Node [986]: (CT=185, AT=0, TT=770), containing 27 events.
	CT=[185](`ct:channel` ∈ {'Desk'})
	AT=[0]⊥ (null)
	TT=[770](`tt:ampm` ∈ {'AM'}) ∧ (`tt:weekday` ∈ {'Fri'})
-------------------------------------------------------------------------------
Node [1053]: (CT=207, AT=0, TT=833), containing 26 events.
	CT=[207](`ct:channel` ∈ {'e-mail'})
	AT=[0]⊥ (null)
	TT=[833](`tt:ampm` ∈ {'PM'}) ∧ (`tt:weekday` ∈ {'Tue'})
-------------------------------------------------------------------------------
Node [988]: (CT=207, AT=0, TT=766), containing 10 events.
	CT=[207](`ct:channel` ∈ {'e-mail'})
	AT=[0]⊥ (null)
	TT=[766](`tt:ampm` ∈ {'PM'}) ∧ (`tt:weekday` ∈ {'Fri'})
-------------------------------------------------------------------------------
Node [1054]: (CT=208, AT=0, TT=833), containing 1448 events.
	CT=[208](`ct:channel` ∈ {'Internet'})
	AT=[0]⊥ (null)
	TT=[833](`tt:ampm` ∈ {'PM'}) ∧ (`tt:weekday` ∈ {'Tue'})
-------------------------------------------------------------------------------
Node [1055]: (CT=208, AT=0, TT=841), containing 6 events.
	CT=[208](`ct:channel` ∈ {'Internet'})
	AT=[0]⊥ (null)
	TT=[841](`tt:ampm` ∈ {'PM'}) ∧ (`tt:weekday` ∈ {'Sat'})
-------------------------------------------------------------------------------
Node [990]: (CT=208, AT=0, TT=766), containing 890 events.
	CT=[208](`ct:channel` ∈ {'Internet'})
	AT=[0]⊥ (null)
	TT=[766](`tt:ampm` ∈ {'PM'}) ∧ (`tt:weekday` ∈ {'Fri'})
-------------------------------------------------------------------------------
Node [1056]: (CT=207, AT=0, TT=835), containing 1 events.
	CT=[207](`ct:channel` ∈ {'e-mail'})
	AT=[0]⊥ (null)
	TT=[835](`tt:ampm` ∈ {'AM'}) ∧ (`tt:weekday` ∈ {'Tue'})
-------------------------------------------------------------------------------
Node [1057]: (CT=207, AT=0, TT=836), containing 2 events.
	CT=[207](`ct:channel` ∈ {'e-mail'})
	AT=[0]⊥ (null)
	TT=[836](`tt:ampm` ∈ {'AM'}) ∧ (`tt:weekday` ∈ {'Sat'})
-------------------------------------------------------------------------------
Node [992]: (CT=207, AT=0, TT=770), containing 4 events.
	CT=[207](`ct:channel` ∈ {'e-mail'})
	AT=[0]⊥ (null)
	TT=[770](`tt:ampm` ∈ {'AM'}) ∧ (`tt:weekday` ∈ {'Fri'})
-------------------------------------------------------------------------------
Node [1058]: (CT=208, AT=0, TT=835), containing 163 events.
	CT=[208](`ct:channel` ∈ {'Internet'})
	AT=[0]⊥ (null)
	TT=[835](`tt:ampm` ∈ {'AM'}) ∧ (`tt:weekday` ∈ {'Tue'})
-------------------------------------------------------------------------------
Node [1059]: (CT=208, AT=0, TT=836), containing 140 events.
	CT=[208](`ct:channel` ∈ {'Internet'})
	AT=[0]⊥ (null)
	TT=[836](`tt:ampm` ∈ {'AM'}) ∧ (`tt:weekday` ∈ {'Sat'})
-------------------------------------------------------------------------------
Node [994]: (CT=208, AT=0, TT=770), containing 249 events.
	CT=[208](`ct:channel` ∈ {'Internet'})
	AT=[0]⊥ (null)
	TT=[770](`tt:ampm` ∈ {'AM'}) ∧ (`tt:weekday` ∈ {'Fri'})

===============================================================================
Step	[10]

-------------------------------------------------------------------------------
Node [761]: (CT=110, AT=0, TT=547), containing 1 events.
	CT=[110](`ct:channel` ∈ {'Intern'})
	AT=[0]⊥ (null)
	TT=[547](`tt:ampm` ∈ {'PM'}) ∧ (`tt:weekday` ∈ {'Thu'})
-------------------------------------------------------------------------------
Node [762]: (CT=184, AT=0, TT=547), containing 68 events.
	CT=[184](`ct:channel` ∈ {'Post'})
	AT=[0]⊥ (null)
	TT=[547](`tt:ampm` ∈ {'PM'}) ∧ (`tt:weekday` ∈ {'Thu'})
-------------------------------------------------------------------------------
Node [763]: (CT=185, AT=0, TT=547), containing 118 events.
	CT=[185](`ct:channel` ∈ {'Desk'})
	AT=[0]⊥ (null)
	TT=[547](`tt:ampm` ∈ {'PM'}) ∧ (`tt:weekday` ∈ {'Thu'})
-------------------------------------------------------------------------------
Node [764]: (CT=185, AT=0, TT=550), containing 27 events.
	CT=[185](`ct:channel` ∈ {'Desk'})
	AT=[0]⊥ (null)
	TT=[550](`tt:ampm` ∈ {'AM'}) ∧ (`tt:weekday` ∈ {'Thu'})
-------------------------------------------------------------------------------
Node [765]: (CT=207, AT=0, TT=547), containing 29 events.
	CT=[207](`ct:channel` ∈ {'e-mail'})
	AT=[0]⊥ (null)
	TT=[547](`tt:ampm` ∈ {'PM'}) ∧ (`tt:weekday` ∈ {'Thu'})
-------------------------------------------------------------------------------
Node [766]: (CT=208, AT=0, TT=552), containing 6 events.
	CT=[208](`ct:channel` ∈ {'Internet'})
	AT=[0]⊥ (null)
	TT=[552](`tt:ampm` ∈ {'PM'}) ∧ (`tt:weekday` ∈ {'Sun'})
-------------------------------------------------------------------------------
Node [767]: (CT=208, AT=0, TT=547), containing 1603 events.
	CT=[208](`ct:channel` ∈ {'Internet'})
	AT=[0]⊥ (null)
	TT=[547](`tt:ampm` ∈ {'PM'}) ∧ (`tt:weekday` ∈ {'Thu'})
-------------------------------------------------------------------------------
Node [768]: (CT=207, AT=0, TT=550), containing 1 events.
	CT=[207](`ct:channel` ∈ {'e-mail'})
	AT=[0]⊥ (null)
	TT=[550](`tt:ampm` ∈ {'AM'}) ∧ (`tt:weekday` ∈ {'Thu'})
-------------------------------------------------------------------------------
Node [769]: (CT=208, AT=0, TT=555), containing 5 events.
	CT=[208](`ct:channel` ∈ {'Internet'})
	AT=[0]⊥ (null)
	TT=[555](`tt:ampm` ∈ {'AM'}) ∧ (`tt:weekday` ∈ {'Sun'})
-------------------------------------------------------------------------------
Node [770]: (CT=208, AT=0, TT=550), containing 142 events.
	CT=[208](`ct:channel` ∈ {'Internet'})
	AT=[0]⊥ (null)
	TT=[550](`tt:ampm` ∈ {'AM'}) ∧ (`tt:weekday` ∈ {'Thu'})
-------------------------------------------------------------------------------
Node [1086]: (CT=110, AT=0, TT=872), containing 5 events.
	CT=[110](`ct:channel` ∈ {'Intern'})
	AT=[0]⊥ (null)
	TT=[872](`tt:ampm` ∈ {'PM'}) ∧ (`tt:weekday` ∈ {'Wed'})
-------------------------------------------------------------------------------
Node [1087]: (CT=184, AT=0, TT=872), containing 34 events.
	CT=[184](`ct:channel` ∈ {'Post'})
	AT=[0]⊥ (null)
	TT=[872](`tt:ampm` ∈ {'PM'}) ∧ (`tt:weekday` ∈ {'Wed'})
-------------------------------------------------------------------------------
Node [1088]: (CT=184, AT=0, TT=874), containing 46 events.
	CT=[184](`ct:channel` ∈ {'Post'})
	AT=[0]⊥ (null)
	TT=[874](`tt:ampm` ∈ {'PM'}) ∧ (`tt:weekday` ∈ {'Mon'})
-------------------------------------------------------------------------------
Node [1089]: (CT=185, AT=0, TT=872), containing 134 events.
	CT=[185](`ct:channel` ∈ {'Desk'})
	AT=[0]⊥ (null)
	TT=[872](`tt:ampm` ∈ {'PM'}) ∧ (`tt:weekday` ∈ {'Wed'})
-------------------------------------------------------------------------------
Node [1090]: (CT=185, AT=0, TT=874), containing 96 events.
	CT=[185](`ct:channel` ∈ {'Desk'})
	AT=[0]⊥ (null)
	TT=[874](`tt:ampm` ∈ {'PM'}) ∧ (`tt:weekday` ∈ {'Mon'})
-------------------------------------------------------------------------------
Node [1091]: (CT=184, AT=0, TT=877), containing 3 events.
	CT=[184](`ct:channel` ∈ {'Post'})
	AT=[0]⊥ (null)
	TT=[877](`tt:ampm` ∈ {'AM'}) ∧ (`tt:weekday` ∈ {'Wed'})
-------------------------------------------------------------------------------
Node [1092]: (CT=185, AT=0, TT=877), containing 26 events.
	CT=[185](`ct:channel` ∈ {'Desk'})
	AT=[0]⊥ (null)
	TT=[877](`tt:ampm` ∈ {'AM'}) ∧ (`tt:weekday` ∈ {'Wed'})
-------------------------------------------------------------------------------
Node [1093]: (CT=207, AT=0, TT=872), containing 33 events.
	CT=[207](`ct:channel` ∈ {'e-mail'})
	AT=[0]⊥ (null)
	TT=[872](`tt:ampm` ∈ {'PM'}) ∧ (`tt:weekday` ∈ {'Wed'})
-------------------------------------------------------------------------------
Node [1094]: (CT=207, AT=0, TT=874), containing 22 events.
	CT=[207](`ct:channel` ∈ {'e-mail'})
	AT=[0]⊥ (null)
	TT=[874](`tt:ampm` ∈ {'PM'}) ∧ (`tt:weekday` ∈ {'Mon'})
-------------------------------------------------------------------------------
Node [1095]: (CT=208, AT=0, TT=872), containing 1335 events.
	CT=[208](`ct:channel` ∈ {'Internet'})
	AT=[0]⊥ (null)
	TT=[872](`tt:ampm` ∈ {'PM'}) ∧ (`tt:weekday` ∈ {'Wed'})
-------------------------------------------------------------------------------
Node [1096]: (CT=208, AT=0, TT=874), containing 1281 events.
	CT=[208](`ct:channel` ∈ {'Internet'})
	AT=[0]⊥ (null)
	TT=[874](`tt:ampm` ∈ {'PM'}) ∧ (`tt:weekday` ∈ {'Mon'})
-------------------------------------------------------------------------------
Node [1097]: (CT=208, AT=0, TT=877), containing 207 events.
	CT=[208](`ct:channel` ∈ {'Internet'})
	AT=[0]⊥ (null)
	TT=[877](`tt:ampm` ∈ {'AM'}) ∧ (`tt:weekday` ∈ {'Wed'})
-------------------------------------------------------------------------------
Node [1098]: (CT=208, AT=0, TT=884), containing 3 events.
	CT=[208](`ct:channel` ∈ {'Internet'})
	AT=[0]⊥ (null)
	TT=[884](`tt:ampm` ∈ {'AM'}) ∧ (`tt:weekday` ∈ {'Mon'})
-------------------------------------------------------------------------------
Node [980]: (CT=184, AT=0, TT=766), containing 39 events.
	CT=[184](`ct:channel` ∈ {'Post'})
	AT=[0]⊥ (null)
	TT=[766](`tt:ampm` ∈ {'PM'}) ∧ (`tt:weekday` ∈ {'Fri'})
-------------------------------------------------------------------------------
Node [982]: (CT=185, AT=0, TT=766), containing 74 events.
	CT=[185](`ct:channel` ∈ {'Desk'})
	AT=[0]⊥ (null)
	TT=[766](`tt:ampm` ∈ {'PM'}) ∧ (`tt:weekday` ∈ {'Fri'})
-------------------------------------------------------------------------------
Node [984]: (CT=184, AT=0, TT=770), containing 3 events.
	CT=[184](`ct:channel` ∈ {'Post'})
	AT=[0]⊥ (null)
	TT=[770](`tt:ampm` ∈ {'AM'}) ∧ (`tt:weekday` ∈ {'Fri'})
-------------------------------------------------------------------------------
Node [986]: (CT=185, AT=0, TT=770), containing 27 events.
	CT=[185](`ct:channel` ∈ {'Desk'})
	AT=[0]⊥ (null)
	TT=[770](`tt:ampm` ∈ {'AM'}) ∧ (`tt:weekday` ∈ {'Fri'})
-------------------------------------------------------------------------------
Node [988]: (CT=207, AT=0, TT=766), containing 10 events.
	CT=[207](`ct:channel` ∈ {'e-mail'})
	AT=[0]⊥ (null)
	TT=[766](`tt:ampm` ∈ {'PM'}) ∧ (`tt:weekday` ∈ {'Fri'})
-------------------------------------------------------------------------------
Node [990]: (CT=208, AT=0, TT=766), containing 890 events.
	CT=[208](`ct:channel` ∈ {'Internet'})
	AT=[0]⊥ (null)
	TT=[766](`tt:ampm` ∈ {'PM'}) ∧ (`tt:weekday` ∈ {'Fri'})
-------------------------------------------------------------------------------
Node [992]: (CT=207, AT=0, TT=770), containing 4 events.
	CT=[207](`ct:channel` ∈ {'e-mail'})
	AT=[0]⊥ (null)
	TT=[770](`tt:ampm` ∈ {'AM'}) ∧ (`tt:weekday` ∈ {'Fri'})
-------------------------------------------------------------------------------
Node [994]: (CT=208, AT=0, TT=770), containing 249 events.
	CT=[208](`ct:channel` ∈ {'Internet'})
	AT=[0]⊥ (null)
	TT=[770](`tt:ampm` ∈ {'AM'}) ∧ (`tt:weekday` ∈ {'Fri'})
-------------------------------------------------------------------------------
Node [1047]: (CT=184, AT=0, TT=833), containing 94 events.
	CT=[184](`ct:channel` ∈ {'Post'})
	AT=[0]⊥ (null)
	TT=[833](`tt:ampm` ∈ {'PM'}) ∧ (`tt:weekday` ∈ {'Tue'})
-------------------------------------------------------------------------------
Node [1048]: (CT=185, AT=0, TT=833), containing 116 events.
	CT=[185](`ct:channel` ∈ {'Desk'})
	AT=[0]⊥ (null)
	TT=[833](`tt:ampm` ∈ {'PM'}) ∧ (`tt:weekday` ∈ {'Tue'})
-------------------------------------------------------------------------------
Node [1049]: (CT=184, AT=0, TT=835), containing 12 events.
	CT=[184](`ct:channel` ∈ {'Post'})
	AT=[0]⊥ (null)
	TT=[835](`tt:ampm` ∈ {'AM'}) ∧ (`tt:weekday` ∈ {'Tue'})
-------------------------------------------------------------------------------
Node [1050]: (CT=184, AT=0, TT=836), containing 9 events.
	CT=[184](`ct:channel` ∈ {'Post'})
	AT=[0]⊥ (null)
	TT=[836](`tt:ampm` ∈ {'AM'}) ∧ (`tt:weekday` ∈ {'Sat'})
-------------------------------------------------------------------------------
Node [1051]: (CT=185, AT=0, TT=835), containing 19 events.
	CT=[185](`ct:channel` ∈ {'Desk'})
	AT=[0]⊥ (null)
	TT=[835](`tt:ampm` ∈ {'AM'}) ∧ (`tt:weekday` ∈ {'Tue'})
-------------------------------------------------------------------------------
Node [1052]: (CT=185, AT=0, TT=836), containing 20 events.
	CT=[185](`ct:channel` ∈ {'Desk'})
	AT=[0]⊥ (null)
	TT=[836](`tt:ampm` ∈ {'AM'}) ∧ (`tt:weekday` ∈ {'Sat'})
-------------------------------------------------------------------------------
Node [1053]: (CT=207, AT=0, TT=833), containing 26 events.
	CT=[207](`ct:channel` ∈ {'e-mail'})
	AT=[0]⊥ (null)
	TT=[833](`tt:ampm` ∈ {'PM'}) ∧ (`tt:weekday` ∈ {'Tue'})
-------------------------------------------------------------------------------
Node [1054]: (CT=208, AT=0, TT=833), containing 1448 events.
	CT=[208](`ct:channel` ∈ {'Internet'})
	AT=[0]⊥ (null)
	TT=[833](`tt:ampm` ∈ {'PM'}) ∧ (`tt:weekday` ∈ {'Tue'})
-------------------------------------------------------------------------------
Node [1055]: (CT=208, AT=0, TT=841), containing 6 events.
	CT=[208](`ct:channel` ∈ {'Internet'})
	AT=[0]⊥ (null)
	TT=[841](`tt:ampm` ∈ {'PM'}) ∧ (`tt:weekday` ∈ {'Sat'})
-------------------------------------------------------------------------------
Node [1056]: (CT=207, AT=0, TT=835), containing 1 events.
	CT=[207](`ct:channel` ∈ {'e-mail'})
	AT=[0]⊥ (null)
	TT=[835](`tt:ampm` ∈ {'AM'}) ∧ (`tt:weekday` ∈ {'Tue'})
-------------------------------------------------------------------------------
Node [1057]: (CT=207, AT=0, TT=836), containing 2 events.
	CT=[207](`ct:channel` ∈ {'e-mail'})
	AT=[0]⊥ (null)
	TT=[836](`tt:ampm` ∈ {'AM'}) ∧ (`tt:weekday` ∈ {'Sat'})
-------------------------------------------------------------------------------
Node [1058]: (CT=208, AT=0, TT=835), containing 163 events.
	CT=[208](`ct:channel` ∈ {'Internet'})
	AT=[0]⊥ (null)
	TT=[835](`tt:ampm` ∈ {'AM'}) ∧ (`tt:weekday` ∈ {'Tue'})
-------------------------------------------------------------------------------
Node [1059]: (CT=208, AT=0, TT=836), containing 140 events.
	CT=[208](`ct:channel` ∈ {'Internet'})
	AT=[0]⊥ (null)
	TT=[836](`tt:ampm` ∈ {'AM'}) ∧ (`tt:weekday` ∈ {'Sat'})
